16:50:21.647 [main] INFO  testCases.TC_003_SFAll_Independent - Email Id Entered
16:50:21.748 [main] INFO  testCases.TC_003_SFAll_Independent - Email Next Clicked
16:50:21.985 [main] INFO  testCases.TC_003_SFAll_Independent - Validation of PhoneNumber Control Title
16:50:42.524 [main] INFO  testCases.TC_003_SFAll_Independent - Phone Number Entered
16:50:42.617 [main] INFO  testCases.TC_003_SFAll_Independent - PhoneNumber Next Clicked
16:50:42.823 [main] INFO  testCases.TC_003_SFAll_Independent - Validation of Appointment Control Title
16:50:42.934 [main] INFO  testCases.TC_003_SFAll_Independent - Appointment Clicked
16:52:40.017 [main] INFO  testCases.TC_003_SFAll_Independent - ******starting TC_003_SFAll_Independent ****
16:52:40.060 [main] INFO  testCases.TC_003_SFAll_Independent - Excel file Utility instance created
16:52:40.919 [main] INFO  testCases.TC_003_SFAll_Independent - Row Count is: 1
16:52:40.988 [main] INFO  testCases.TC_003_SFAll_Independent - Col Count is: 47
16:52:40.988 [main] INFO  testCases.TC_003_SFAll_Independent - Extracting DataSheet Values started...
16:52:42.481 [main] INFO  testCases.TC_003_SFAll_Independent - Extracting DataSheet Values Completed...
16:52:44.278 [main] INFO  testCases.TC_003_SFAll_Independent - Survey Form Url Launched..
16:52:44.418 [main] INFO  testCases.TC_003_SFAll_Independent - Validation of Message Control Title
16:52:44.803 [main] INFO  testCases.TC_003_SFAll_Independent - Select an option..!Actual Title 
16:52:44.804 [main] INFO  testCases.TC_003_SFAll_Independent - Validation of MultiChoice Control Title
16:52:48.088 [main] INFO  testCases.TC_003_SFAll_Independent - [Strongly Agree] is selected in List
16:52:48.089 [main] INFO  testCases.TC_003_SFAll_Independent - MultiChoice Item Selected
16:52:48.195 [main] INFO  testCases.TC_003_SFAll_Independent - MultiChoice Next Clicked
16:52:48.416 [main] INFO  testCases.TC_003_SFAll_Independent - Validation of TextQuestion Control Title
16:52:48.828 [main] INFO  testCases.TC_003_SFAll_Independent - Text Entered in TextAnswer Control
16:52:48.928 [main] INFO  testCases.TC_003_SFAll_Independent - Text Question Next Clicked
16:52:49.102 [main] INFO  testCases.TC_003_SFAll_Independent - Validation of Email Control Title
16:52:49.449 [main] INFO  testCases.TC_003_SFAll_Independent - Email Id Entered
16:52:49.567 [main] INFO  testCases.TC_003_SFAll_Independent - Email Next Clicked
16:52:49.803 [main] INFO  testCases.TC_003_SFAll_Independent - Validation of PhoneNumber Control Title
16:53:10.265 [main] INFO  testCases.TC_003_SFAll_Independent - Phone Number Entered
16:53:10.363 [main] INFO  testCases.TC_003_SFAll_Independent - PhoneNumber Next Clicked
16:53:10.595 [main] INFO  testCases.TC_003_SFAll_Independent - Validation of Appointment Control Title
16:53:10.746 [main] INFO  testCases.TC_003_SFAll_Independent - Appointment Clicked
16:53:59.766 [main] INFO  testCases.TC_003_SFAll_Independent - ******starting TC_003_SFAll_Independent ****
16:53:59.814 [main] INFO  testCases.TC_003_SFAll_Independent - Excel file Utility instance created
16:54:00.771 [main] INFO  testCases.TC_003_SFAll_Independent - Row Count is: 1
16:54:00.932 [main] INFO  testCases.TC_003_SFAll_Independent - Col Count is: 47
16:54:00.932 [main] INFO  testCases.TC_003_SFAll_Independent - Extracting DataSheet Values started...
16:54:03.317 [main] INFO  testCases.TC_003_SFAll_Independent - Extracting DataSheet Values Completed...
16:54:05.977 [main] INFO  testCases.TC_003_SFAll_Independent - Survey Form Url Launched..
16:54:06.115 [main] INFO  testCases.TC_003_SFAll_Independent - Validation of Message Control Title
16:54:06.556 [main] INFO  testCases.TC_003_SFAll_Independent - Select an option..!Actual Title 
16:54:06.556 [main] INFO  testCases.TC_003_SFAll_Independent - Validation of MultiChoice Control Title
16:54:09.823 [main] INFO  testCases.TC_003_SFAll_Independent - [Strongly Agree] is selected in List
16:54:09.824 [main] INFO  testCases.TC_003_SFAll_Independent - MultiChoice Item Selected
16:54:09.938 [main] INFO  testCases.TC_003_SFAll_Independent - MultiChoice Next Clicked
16:54:10.108 [main] INFO  testCases.TC_003_SFAll_Independent - Validation of TextQuestion Control Title
16:54:10.512 [main] INFO  testCases.TC_003_SFAll_Independent - Text Entered in TextAnswer Control
16:54:10.625 [main] INFO  testCases.TC_003_SFAll_Independent - Text Question Next Clicked
16:54:10.831 [main] INFO  testCases.TC_003_SFAll_Independent - Validation of Email Control Title
16:54:11.161 [main] INFO  testCases.TC_003_SFAll_Independent - Email Id Entered
16:54:11.267 [main] INFO  testCases.TC_003_SFAll_Independent - Email Next Clicked
16:54:11.468 [main] INFO  testCases.TC_003_SFAll_Independent - Validation of PhoneNumber Control Title
16:54:32.007 [main] INFO  testCases.TC_003_SFAll_Independent - Phone Number Entered
16:54:32.105 [main] INFO  testCases.TC_003_SFAll_Independent - PhoneNumber Next Clicked
16:54:32.353 [main] INFO  testCases.TC_003_SFAll_Independent - Validation of Appointment Control Title
16:54:32.484 [main] INFO  testCases.TC_003_SFAll_Independent - Appointment Clicked
16:54:33.187 [main] INFO  testCases.TC_003_SFAll_Independent - Appointment Time Captured in Expected Value
16:54:34.353 [main] INFO  testCases.TC_003_SFAll_Independent - Appointment Next Button clicked
16:56:24.550 [main] INFO  testCases.TC_003_SFAll_Independent - ******starting TC_003_SFAll_Independent ****
16:56:24.606 [main] INFO  testCases.TC_003_SFAll_Independent - Excel file Utility instance created
16:56:25.420 [main] INFO  testCases.TC_003_SFAll_Independent - Row Count is: 1
16:56:25.507 [main] INFO  testCases.TC_003_SFAll_Independent - Col Count is: 47
16:56:25.507 [main] INFO  testCases.TC_003_SFAll_Independent - Extracting DataSheet Values started...
16:56:27.140 [main] INFO  testCases.TC_003_SFAll_Independent - Extracting DataSheet Values Completed...
16:56:28.688 [main] INFO  testCases.TC_003_SFAll_Independent - Survey Form Url Launched..
16:56:28.840 [main] INFO  testCases.TC_003_SFAll_Independent - Validation of Message Control Title
16:56:29.280 [main] INFO  testCases.TC_003_SFAll_Independent - Select an option..!Actual Title 
16:56:29.280 [main] INFO  testCases.TC_003_SFAll_Independent - Validation of MultiChoice Control Title
16:56:32.523 [main] INFO  testCases.TC_003_SFAll_Independent - [Strongly Agree] is selected in List
16:56:32.523 [main] INFO  testCases.TC_003_SFAll_Independent - MultiChoice Item Selected
16:56:32.652 [main] INFO  testCases.TC_003_SFAll_Independent - MultiChoice Next Clicked
16:56:32.862 [main] INFO  testCases.TC_003_SFAll_Independent - Validation of TextQuestion Control Title
16:56:33.433 [main] INFO  testCases.TC_003_SFAll_Independent - Text Entered in TextAnswer Control
16:56:33.557 [main] INFO  testCases.TC_003_SFAll_Independent - Text Question Next Clicked
16:56:33.764 [main] INFO  testCases.TC_003_SFAll_Independent - Validation of Email Control Title
16:56:34.100 [main] INFO  testCases.TC_003_SFAll_Independent - Email Id Entered
16:56:34.210 [main] INFO  testCases.TC_003_SFAll_Independent - Email Next Clicked
16:56:34.433 [main] INFO  testCases.TC_003_SFAll_Independent - Validation of PhoneNumber Control Title
16:56:54.933 [main] INFO  testCases.TC_003_SFAll_Independent - Phone Number Entered
16:56:55.039 [main] INFO  testCases.TC_003_SFAll_Independent - PhoneNumber Next Clicked
16:56:55.315 [main] INFO  testCases.TC_003_SFAll_Independent - Validation of Appointment Control Title
16:56:55.426 [main] INFO  testCases.TC_003_SFAll_Independent - Appointment Clicked
16:56:56.234 [main] INFO  testCases.TC_003_SFAll_Independent - Appointment Time Captured in Expected Value
16:56:57.448 [main] INFO  testCases.TC_003_SFAll_Independent - Appointment Next Button clicked
17:08:01.744 [main] INFO  testCases.TC_003_SFAll_Independent - ******starting TC_003_SFAll_Independent ****
17:08:01.797 [main] INFO  testCases.TC_003_SFAll_Independent - Excel file Utility instance created
17:08:02.703 [main] INFO  testCases.TC_003_SFAll_Independent - Row Count is: 1
17:08:02.772 [main] INFO  testCases.TC_003_SFAll_Independent - Col Count is: 47
17:08:02.772 [main] INFO  testCases.TC_003_SFAll_Independent - Extracting DataSheet Values started...
17:08:04.338 [main] INFO  testCases.TC_003_SFAll_Independent - Extracting DataSheet Values Completed...
17:08:07.058 [main] INFO  testCases.TC_003_SFAll_Independent - Survey Form Url Launched..
17:08:07.193 [main] INFO  testCases.TC_003_SFAll_Independent - Validation of Message Control Title
17:08:07.577 [main] INFO  testCases.TC_003_SFAll_Independent - Select an option..!Actual Title 
17:08:07.577 [main] INFO  testCases.TC_003_SFAll_Independent - Validation of MultiChoice Control Title
17:08:10.851 [main] INFO  testCases.TC_003_SFAll_Independent - [Strongly Agree] is selected in List
17:08:10.851 [main] INFO  testCases.TC_003_SFAll_Independent - MultiChoice Item Selected
17:08:10.969 [main] INFO  testCases.TC_003_SFAll_Independent - MultiChoice Next Clicked
17:08:11.206 [main] INFO  testCases.TC_003_SFAll_Independent - Validation of TextQuestion Control Title
17:08:11.631 [main] INFO  testCases.TC_003_SFAll_Independent - Text Entered in TextAnswer Control
17:08:11.729 [main] INFO  testCases.TC_003_SFAll_Independent - Text Question Next Clicked
17:08:11.901 [main] INFO  testCases.TC_003_SFAll_Independent - Validation of Email Control Title
17:08:12.246 [main] INFO  testCases.TC_003_SFAll_Independent - Email Id Entered
17:08:12.351 [main] INFO  testCases.TC_003_SFAll_Independent - Email Next Clicked
17:08:12.558 [main] INFO  testCases.TC_003_SFAll_Independent - Validation of PhoneNumber Control Title
17:08:33.106 [main] INFO  testCases.TC_003_SFAll_Independent - Phone Number Entered
17:08:33.213 [main] INFO  testCases.TC_003_SFAll_Independent - PhoneNumber Next Clicked
17:08:33.478 [main] INFO  testCases.TC_003_SFAll_Independent - Validation of Appointment Control Title
17:08:33.587 [main] INFO  testCases.TC_003_SFAll_Independent - Appointment Clicked
17:08:34.329 [main] INFO  testCases.TC_003_SFAll_Independent - Appointment Time Captured in Expected Value
17:08:35.469 [main] INFO  testCases.TC_003_SFAll_Independent - Appointment Next Button clicked
17:11:53.517 [main] INFO  testCases.TC_003_SFAll_Independent - ******starting TC_003_SFAll_Independent ****
17:11:53.571 [main] INFO  testCases.TC_003_SFAll_Independent - Excel file Utility instance created
17:11:54.383 [main] INFO  testCases.TC_003_SFAll_Independent - Row Count is: 1
17:11:54.453 [main] INFO  testCases.TC_003_SFAll_Independent - Col Count is: 47
17:11:54.453 [main] INFO  testCases.TC_003_SFAll_Independent - Extracting DataSheet Values started...
17:11:55.984 [main] INFO  testCases.TC_003_SFAll_Independent - Extracting DataSheet Values Completed...
17:11:58.467 [main] INFO  testCases.TC_003_SFAll_Independent - Survey Form Url Launched..
17:11:58.599 [main] INFO  testCases.TC_003_SFAll_Independent - Validation of Message Control Title
17:11:59.013 [main] INFO  testCases.TC_003_SFAll_Independent - Select an option..!Actual Title 
17:11:59.014 [main] INFO  testCases.TC_003_SFAll_Independent - Validation of MultiChoice Control Title
17:12:02.325 [main] INFO  testCases.TC_003_SFAll_Independent - [Strongly Agree] is selected in List
17:12:02.325 [main] INFO  testCases.TC_003_SFAll_Independent - MultiChoice Item Selected
17:12:02.437 [main] INFO  testCases.TC_003_SFAll_Independent - MultiChoice Next Clicked
17:12:02.648 [main] INFO  testCases.TC_003_SFAll_Independent - Validation of TextQuestion Control Title
17:12:03.125 [main] INFO  testCases.TC_003_SFAll_Independent - Text Entered in TextAnswer Control
17:12:03.228 [main] INFO  testCases.TC_003_SFAll_Independent - Text Question Next Clicked
17:12:03.697 [main] INFO  testCases.TC_003_SFAll_Independent - Validation of Email Control Title
17:12:04.085 [main] INFO  testCases.TC_003_SFAll_Independent - Email Id Entered
17:12:04.186 [main] INFO  testCases.TC_003_SFAll_Independent - Email Next Clicked
17:12:04.410 [main] INFO  testCases.TC_003_SFAll_Independent - Validation of PhoneNumber Control Title
17:12:24.870 [main] INFO  testCases.TC_003_SFAll_Independent - Phone Number Entered
17:12:24.968 [main] INFO  testCases.TC_003_SFAll_Independent - PhoneNumber Next Clicked
17:12:25.188 [main] INFO  testCases.TC_003_SFAll_Independent - Validation of Appointment Control Title
17:12:25.301 [main] INFO  testCases.TC_003_SFAll_Independent - Appointment Clicked
17:12:26.132 [main] INFO  testCases.TC_003_SFAll_Independent - Appointment Time Captured in Expected Value
17:12:27.277 [main] INFO  testCases.TC_003_SFAll_Independent - Appointment Next Button clicked
17:19:14.118 [main] INFO  testCases.TC_003_SFAll_Independent - ******starting TC_003_SFAll_Independent ****
17:19:14.178 [main] INFO  testCases.TC_003_SFAll_Independent - Excel file Utility instance created
17:19:15.113 [main] INFO  testCases.TC_003_SFAll_Independent - Row Count is: 1
17:19:15.180 [main] INFO  testCases.TC_003_SFAll_Independent - Col Count is: 47
17:19:15.181 [main] INFO  testCases.TC_003_SFAll_Independent - Extracting DataSheet Values started...
17:19:16.727 [main] INFO  testCases.TC_003_SFAll_Independent - Extracting DataSheet Values Completed...
17:19:19.249 [main] INFO  testCases.TC_003_SFAll_Independent - Survey Form Url Launched..
17:19:19.401 [main] INFO  testCases.TC_003_SFAll_Independent - Validation of Message Control Title
17:19:19.858 [main] INFO  testCases.TC_003_SFAll_Independent - Select an option..!Actual Title 
17:19:19.858 [main] INFO  testCases.TC_003_SFAll_Independent - Validation of MultiChoice Control Title
17:19:23.162 [main] INFO  testCases.TC_003_SFAll_Independent - [Strongly Agree] is selected in List
17:19:23.163 [main] INFO  testCases.TC_003_SFAll_Independent - MultiChoice Item Selected
17:19:23.273 [main] INFO  testCases.TC_003_SFAll_Independent - MultiChoice Next Clicked
17:19:23.494 [main] INFO  testCases.TC_003_SFAll_Independent - Validation of TextQuestion Control Title
17:19:23.952 [main] INFO  testCases.TC_003_SFAll_Independent - Text Entered in TextAnswer Control
17:19:24.061 [main] INFO  testCases.TC_003_SFAll_Independent - Text Question Next Clicked
17:19:24.239 [main] INFO  testCases.TC_003_SFAll_Independent - Validation of Email Control Title
17:19:24.600 [main] INFO  testCases.TC_003_SFAll_Independent - Email Id Entered
17:19:24.716 [main] INFO  testCases.TC_003_SFAll_Independent - Email Next Clicked
17:19:24.960 [main] INFO  testCases.TC_003_SFAll_Independent - Validation of PhoneNumber Control Title
17:19:45.432 [main] INFO  testCases.TC_003_SFAll_Independent - Phone Number Entered
17:19:45.543 [main] INFO  testCases.TC_003_SFAll_Independent - PhoneNumber Next Clicked
17:19:45.762 [main] INFO  testCases.TC_003_SFAll_Independent - Validation of Appointment Control Title
17:19:45.874 [main] INFO  testCases.TC_003_SFAll_Independent - Appointment Clicked
17:20:02.792 [main] INFO  testCases.TC_003_SFAll_Independent - Appointment Time Captured in Expected Value
17:20:04.027 [main] INFO  testCases.TC_003_SFAll_Independent - Appointment Next Button clicked
17:20:04.209 [main] INFO  testCases.TC_003_SFAll_Independent - Validation of MultiChoice Control Title
17:20:05.531 [main] INFO  testCases.TC_003_SFAll_Independent - Expected Value:Agree
17:20:05.544 [main] INFO  testCases.TC_003_SFAll_Independent - DropDown Value:Agree
17:20:05.651 [main] INFO  testCases.TC_003_SFAll_Independent - Expected Value:DisAgree
17:20:05.666 [main] INFO  testCases.TC_003_SFAll_Independent - DropDown Value:DisAgree
17:20:05.719 [main] INFO  testCases.TC_003_SFAll_Independent - MultiChoice Value Selected
17:20:05.990 [main] INFO  testCases.TC_003_SFAll_Independent - Validation of List Control Control Title
17:20:10.365 [main] INFO  testCases.TC_003_SFAll_Independent - [Sample Option 1] is selected in List
17:20:10.365 [main] INFO  testCases.TC_003_SFAll_Independent - List Item Selected Sample Option 1
17:20:10.466 [main] INFO  testCases.TC_003_SFAll_Independent - List Next Clicked
17:20:10.676 [main] INFO  testCases.TC_003_SFAll_Independent - Validation of Number Control Control Title
17:20:11.058 [main] INFO  testCases.TC_003_SFAll_Independent - Number Selected 1234567890
17:20:11.149 [main] INFO  testCases.TC_003_SFAll_Independent - Number Next Clicked
17:20:11.353 [main] INFO  testCases.TC_003_SFAll_Independent - Validation of Range Control Control Title
17:20:13.978 [main] INFO  testCases.TC_003_SFAll_Independent - Range Selected 50
17:20:14.063 [main] INFO  testCases.TC_003_SFAll_Independent - Range Next Clicked
17:20:14.273 [main] INFO  testCases.TC_003_SFAll_Independent - Validation of Rating Control Control Title
17:21:17.530 [main] INFO  testCases.TC_003_SFAll_Independent - ******starting TC_003_SFAll_Independent ****
17:21:17.577 [main] INFO  testCases.TC_003_SFAll_Independent - Excel file Utility instance created
17:21:18.466 [main] INFO  testCases.TC_003_SFAll_Independent - Row Count is: 1
17:21:18.538 [main] INFO  testCases.TC_003_SFAll_Independent - Col Count is: 47
17:21:18.539 [main] INFO  testCases.TC_003_SFAll_Independent - Extracting DataSheet Values started...
17:21:20.091 [main] INFO  testCases.TC_003_SFAll_Independent - Extracting DataSheet Values Completed...
17:21:21.823 [main] INFO  testCases.TC_003_SFAll_Independent - Survey Form Url Launched..
17:21:21.974 [main] INFO  testCases.TC_003_SFAll_Independent - Validation of Message Control Title
17:21:22.436 [main] INFO  testCases.TC_003_SFAll_Independent - Select an option..!Actual Title 
17:21:22.436 [main] INFO  testCases.TC_003_SFAll_Independent - Validation of MultiChoice Control Title
17:21:25.788 [main] INFO  testCases.TC_003_SFAll_Independent - [Strongly Agree] is selected in List
17:21:25.788 [main] INFO  testCases.TC_003_SFAll_Independent - MultiChoice Item Selected
17:21:25.900 [main] INFO  testCases.TC_003_SFAll_Independent - MultiChoice Next Clicked
17:21:26.109 [main] INFO  testCases.TC_003_SFAll_Independent - Validation of TextQuestion Control Title
17:21:26.558 [main] INFO  testCases.TC_003_SFAll_Independent - Text Entered in TextAnswer Control
17:21:26.661 [main] INFO  testCases.TC_003_SFAll_Independent - Text Question Next Clicked
17:21:26.812 [main] INFO  testCases.TC_003_SFAll_Independent - Validation of Email Control Title
17:21:27.166 [main] INFO  testCases.TC_003_SFAll_Independent - Email Id Entered
17:21:27.263 [main] INFO  testCases.TC_003_SFAll_Independent - Email Next Clicked
17:21:27.478 [main] INFO  testCases.TC_003_SFAll_Independent - Validation of PhoneNumber Control Title
17:21:48.069 [main] INFO  testCases.TC_003_SFAll_Independent - Phone Number Entered
17:21:48.163 [main] INFO  testCases.TC_003_SFAll_Independent - PhoneNumber Next Clicked
17:21:48.376 [main] INFO  testCases.TC_003_SFAll_Independent - Validation of Appointment Control Title
17:21:48.516 [main] INFO  testCases.TC_003_SFAll_Independent - Appointment Clicked
17:22:04.805 [main] INFO  testCases.TC_003_SFAll_Independent - Appointment Time Captured in Expected Value
17:22:05.998 [main] INFO  testCases.TC_003_SFAll_Independent - Appointment Next Button clicked
17:22:06.172 [main] INFO  testCases.TC_003_SFAll_Independent - Validation of MultiChoice Control Title
17:22:07.484 [main] INFO  testCases.TC_003_SFAll_Independent - Expected Value:Agree
17:22:07.494 [main] INFO  testCases.TC_003_SFAll_Independent - DropDown Value:Agree
17:22:07.599 [main] INFO  testCases.TC_003_SFAll_Independent - Expected Value:DisAgree
17:22:07.611 [main] INFO  testCases.TC_003_SFAll_Independent - DropDown Value:DisAgree
17:22:07.650 [main] INFO  testCases.TC_003_SFAll_Independent - MultiChoice Value Selected
17:22:07.989 [main] INFO  testCases.TC_003_SFAll_Independent - Validation of List Control Control Title
17:22:12.342 [main] INFO  testCases.TC_003_SFAll_Independent - [Sample Option 1] is selected in List
17:22:12.342 [main] INFO  testCases.TC_003_SFAll_Independent - List Item Selected Sample Option 1
17:22:12.437 [main] INFO  testCases.TC_003_SFAll_Independent - List Next Clicked
17:22:12.641 [main] INFO  testCases.TC_003_SFAll_Independent - Validation of Number Control Control Title
17:22:13.007 [main] INFO  testCases.TC_003_SFAll_Independent - Number Selected 1234567890
17:22:13.093 [main] INFO  testCases.TC_003_SFAll_Independent - Number Next Clicked
17:22:13.272 [main] INFO  testCases.TC_003_SFAll_Independent - Validation of Range Control Control Title
17:22:16.079 [main] INFO  testCases.TC_003_SFAll_Independent - Range Selected 50
17:22:16.164 [main] INFO  testCases.TC_003_SFAll_Independent - Range Next Clicked
17:22:16.373 [main] INFO  testCases.TC_003_SFAll_Independent - Validation of Rating Control Control Title
13:08:38.746 [main] INFO  testCases.TC_003_SFAll_Independent - ******starting TC_003_SFAll_Independent ****
13:08:38.817 [main] INFO  testCases.TC_003_SFAll_Independent - Excel file Utility instance created
13:08:39.886 [main] INFO  testCases.TC_003_SFAll_Independent - Row Count is: 1
13:08:39.959 [main] INFO  testCases.TC_003_SFAll_Independent - Col Count is: 47
13:08:39.959 [main] INFO  testCases.TC_003_SFAll_Independent - Extracting DataSheet Values started...
13:08:41.628 [main] INFO  testCases.TC_003_SFAll_Independent - Extracting DataSheet Values Completed...
13:08:43.935 [main] INFO  testCases.TC_003_SFAll_Independent - Survey Form Url Launched..
13:08:44.103 [main] INFO  testCases.TC_003_SFAll_Independent - Validation of Message Control Title
13:08:44.522 [main] INFO  testCases.TC_003_SFAll_Independent - Select an option..!Actual Title 
13:08:44.523 [main] INFO  testCases.TC_003_SFAll_Independent - Validation of MultiChoice Control Title
13:08:47.808 [main] INFO  testCases.TC_003_SFAll_Independent - [Strongly Agree] is selected in List
13:08:47.808 [main] INFO  testCases.TC_003_SFAll_Independent - MultiChoice Item Selected
13:08:47.919 [main] INFO  testCases.TC_003_SFAll_Independent - MultiChoice Next Clicked
13:08:48.126 [main] INFO  testCases.TC_003_SFAll_Independent - Validation of TextQuestion Control Title
13:08:48.559 [main] INFO  testCases.TC_003_SFAll_Independent - Text Entered in TextAnswer Control
13:08:48.654 [main] INFO  testCases.TC_003_SFAll_Independent - Text Question Next Clicked
13:08:48.868 [main] INFO  testCases.TC_003_SFAll_Independent - Validation of Email Control Title
13:08:49.210 [main] INFO  testCases.TC_003_SFAll_Independent - Email Id Entered
13:08:49.302 [main] INFO  testCases.TC_003_SFAll_Independent - Email Next Clicked
13:08:49.509 [main] INFO  testCases.TC_003_SFAll_Independent - Validation of PhoneNumber Control Title
13:09:10.036 [main] INFO  testCases.TC_003_SFAll_Independent - Phone Number Entered
13:09:10.132 [main] INFO  testCases.TC_003_SFAll_Independent - PhoneNumber Next Clicked
13:09:10.375 [main] INFO  testCases.TC_003_SFAll_Independent - Validation of Appointment Control Title
13:09:10.485 [main] INFO  testCases.TC_003_SFAll_Independent - Appointment Clicked
13:09:20.966 [main] INFO  testCases.TC_003_SFAll_Independent - Appointment Time Captured in Expected Value
13:09:22.144 [main] INFO  testCases.TC_003_SFAll_Independent - Appointment Next Button clicked
13:10:27.884 [main] INFO  testCases.TC_003_SFAll_Independent - ******starting TC_003_SFAll_Independent ****
13:10:27.928 [main] INFO  testCases.TC_003_SFAll_Independent - Excel file Utility instance created
13:10:28.759 [main] INFO  testCases.TC_003_SFAll_Independent - Row Count is: 1
13:10:28.841 [main] INFO  testCases.TC_003_SFAll_Independent - Col Count is: 47
13:10:28.841 [main] INFO  testCases.TC_003_SFAll_Independent - Extracting DataSheet Values started...
13:10:30.358 [main] INFO  testCases.TC_003_SFAll_Independent - Extracting DataSheet Values Completed...
13:10:32.650 [main] INFO  testCases.TC_003_SFAll_Independent - Survey Form Url Launched..
13:10:32.785 [main] INFO  testCases.TC_003_SFAll_Independent - Validation of Message Control Title
13:10:33.229 [main] INFO  testCases.TC_003_SFAll_Independent - Select an option..!Actual Title 
13:10:33.229 [main] INFO  testCases.TC_003_SFAll_Independent - Validation of MultiChoice Control Title
13:10:36.543 [main] INFO  testCases.TC_003_SFAll_Independent - [Strongly Agree] is selected in List
13:10:36.543 [main] INFO  testCases.TC_003_SFAll_Independent - MultiChoice Item Selected
13:10:36.665 [main] INFO  testCases.TC_003_SFAll_Independent - MultiChoice Next Clicked
13:10:36.880 [main] INFO  testCases.TC_003_SFAll_Independent - Validation of TextQuestion Control Title
13:10:37.299 [main] INFO  testCases.TC_003_SFAll_Independent - Text Entered in TextAnswer Control
13:10:37.398 [main] INFO  testCases.TC_003_SFAll_Independent - Text Question Next Clicked
13:10:37.594 [main] INFO  testCases.TC_003_SFAll_Independent - Validation of Email Control Title
13:10:37.931 [main] INFO  testCases.TC_003_SFAll_Independent - Email Id Entered
13:10:38.029 [main] INFO  testCases.TC_003_SFAll_Independent - Email Next Clicked
13:10:38.266 [main] INFO  testCases.TC_003_SFAll_Independent - Validation of PhoneNumber Control Title
13:10:58.709 [main] INFO  testCases.TC_003_SFAll_Independent - Phone Number Entered
13:10:58.812 [main] INFO  testCases.TC_003_SFAll_Independent - PhoneNumber Next Clicked
13:10:59.103 [main] INFO  testCases.TC_003_SFAll_Independent - Validation of Appointment Control Title
13:10:59.216 [main] INFO  testCases.TC_003_SFAll_Independent - Appointment Clicked
13:14:44.474 [main] INFO  testCases.TC_003_SFAll_Independent - ******starting TC_003_SFAll_Independent ****
13:14:44.514 [main] INFO  testCases.TC_003_SFAll_Independent - Excel file Utility instance created
13:14:45.560 [main] INFO  testCases.TC_003_SFAll_Independent - Row Count is: 1
13:14:45.763 [main] INFO  testCases.TC_003_SFAll_Independent - Col Count is: 47
13:14:45.764 [main] INFO  testCases.TC_003_SFAll_Independent - Extracting DataSheet Values started...
13:14:47.408 [main] INFO  testCases.TC_003_SFAll_Independent - Extracting DataSheet Values Completed...
13:14:49.651 [main] INFO  testCases.TC_003_SFAll_Independent - Survey Form Url Launched..
13:14:49.782 [main] INFO  testCases.TC_003_SFAll_Independent - Validation of Message Control Title
13:14:50.235 [main] INFO  testCases.TC_003_SFAll_Independent - Select an option..!Actual Title 
13:14:50.236 [main] INFO  testCases.TC_003_SFAll_Independent - Validation of MultiChoice Control Title
13:14:53.563 [main] INFO  testCases.TC_003_SFAll_Independent - [Strongly Agree] is selected in List
13:14:53.563 [main] INFO  testCases.TC_003_SFAll_Independent - MultiChoice Item Selected
13:14:53.680 [main] INFO  testCases.TC_003_SFAll_Independent - MultiChoice Next Clicked
13:14:53.892 [main] INFO  testCases.TC_003_SFAll_Independent - Validation of TextQuestion Control Title
13:14:54.297 [main] INFO  testCases.TC_003_SFAll_Independent - Text Entered in TextAnswer Control
13:14:54.396 [main] INFO  testCases.TC_003_SFAll_Independent - Text Question Next Clicked
13:14:54.626 [main] INFO  testCases.TC_003_SFAll_Independent - Validation of Email Control Title
13:14:55.027 [main] INFO  testCases.TC_003_SFAll_Independent - Email Id Entered
13:14:55.112 [main] INFO  testCases.TC_003_SFAll_Independent - Email Next Clicked
13:14:55.334 [main] INFO  testCases.TC_003_SFAll_Independent - Validation of PhoneNumber Control Title
13:15:15.780 [main] INFO  testCases.TC_003_SFAll_Independent - Phone Number Entered
13:15:15.876 [main] INFO  testCases.TC_003_SFAll_Independent - PhoneNumber Next Clicked
13:15:16.108 [main] INFO  testCases.TC_003_SFAll_Independent - Validation of Appointment Control Title
13:15:16.233 [main] INFO  testCases.TC_003_SFAll_Independent - Appointment Clicked
13:21:58.005 [main] INFO  testCases.TC_003_SFAll_Independent - ******starting TC_003_SFAll_Independent ****
13:21:58.040 [main] INFO  testCases.TC_003_SFAll_Independent - Excel file Utility instance created
13:21:58.853 [main] INFO  testCases.TC_003_SFAll_Independent - Row Count is: 1
13:21:58.925 [main] INFO  testCases.TC_003_SFAll_Independent - Col Count is: 47
13:21:58.925 [main] INFO  testCases.TC_003_SFAll_Independent - Extracting DataSheet Values started...
13:22:00.330 [main] INFO  testCases.TC_003_SFAll_Independent - Extracting DataSheet Values Completed...
13:22:02.284 [main] INFO  testCases.TC_003_SFAll_Independent - Survey Form Url Launched..
13:22:02.429 [main] INFO  testCases.TC_003_SFAll_Independent - Validation of Message Control Title
13:22:02.818 [main] INFO  testCases.TC_003_SFAll_Independent - Select an option..!Actual Title 
13:22:02.818 [main] INFO  testCases.TC_003_SFAll_Independent - Validation of MultiChoice Control Title
13:22:06.133 [main] INFO  testCases.TC_003_SFAll_Independent - [Strongly Agree] is selected in List
13:22:06.134 [main] INFO  testCases.TC_003_SFAll_Independent - MultiChoice Item Selected
13:22:06.247 [main] INFO  testCases.TC_003_SFAll_Independent - MultiChoice Next Clicked
13:22:06.418 [main] INFO  testCases.TC_003_SFAll_Independent - Validation of TextQuestion Control Title
13:22:06.856 [main] INFO  testCases.TC_003_SFAll_Independent - Text Entered in TextAnswer Control
13:22:06.956 [main] INFO  testCases.TC_003_SFAll_Independent - Text Question Next Clicked
13:22:07.168 [main] INFO  testCases.TC_003_SFAll_Independent - Validation of Email Control Title
13:22:07.536 [main] INFO  testCases.TC_003_SFAll_Independent - Email Id Entered
13:22:07.637 [main] INFO  testCases.TC_003_SFAll_Independent - Email Next Clicked
13:22:07.863 [main] INFO  testCases.TC_003_SFAll_Independent - Validation of PhoneNumber Control Title
13:22:28.406 [main] INFO  testCases.TC_003_SFAll_Independent - Phone Number Entered
13:22:28.510 [main] INFO  testCases.TC_003_SFAll_Independent - PhoneNumber Next Clicked
13:22:28.731 [main] INFO  testCases.TC_003_SFAll_Independent - Validation of Appointment Control Title
13:22:28.836 [main] INFO  testCases.TC_003_SFAll_Independent - Appointment Clicked
13:22:39.225 [main] INFO  testCases.TC_003_SFAll_Independent - Appointment Time Captured in Expected Value
13:22:40.319 [main] INFO  testCases.TC_003_SFAll_Independent - Appointment Next Button clicked
13:50:08.870 [main] INFO  testCases.TC_003_SFAll_Independent - ******starting TC_003_SFAll_Independent ****
13:50:08.933 [main] INFO  testCases.TC_003_SFAll_Independent - Excel file Utility instance created
13:50:10.040 [main] INFO  testCases.TC_003_SFAll_Independent - Row Count is: 1
13:50:10.224 [main] INFO  testCases.TC_003_SFAll_Independent - Col Count is: 47
13:50:10.225 [main] INFO  testCases.TC_003_SFAll_Independent - Extracting DataSheet Values started...
13:50:12.134 [main] INFO  testCases.TC_003_SFAll_Independent - Extracting DataSheet Values Completed...
13:50:33.839 [main] INFO  testCases.TC_003_SFAll_Independent - Survey Form Url Launched..
13:50:33.990 [main] INFO  testCases.TC_003_SFAll_Independent - Validation of Message Control Title
13:50:34.419 [main] INFO  testCases.TC_003_SFAll_Independent - Select an option..!Actual Title 
13:50:34.419 [main] INFO  testCases.TC_003_SFAll_Independent - Validation of MultiChoice Control Title
13:50:37.715 [main] INFO  testCases.TC_003_SFAll_Independent - [Strongly Agree] is selected in List
13:50:37.715 [main] INFO  testCases.TC_003_SFAll_Independent - MultiChoice Item Selected
13:50:37.840 [main] INFO  testCases.TC_003_SFAll_Independent - MultiChoice Next Clicked
13:50:38.049 [main] INFO  testCases.TC_003_SFAll_Independent - Validation of TextQuestion Control Title
13:50:38.517 [main] INFO  testCases.TC_003_SFAll_Independent - Text Entered in TextAnswer Control
13:50:38.625 [main] INFO  testCases.TC_003_SFAll_Independent - Text Question Next Clicked
13:50:38.860 [main] INFO  testCases.TC_003_SFAll_Independent - Validation of Email Control Title
13:50:39.258 [main] INFO  testCases.TC_003_SFAll_Independent - Email Id Entered
13:50:39.369 [main] INFO  testCases.TC_003_SFAll_Independent - Email Next Clicked
13:50:39.593 [main] INFO  testCases.TC_003_SFAll_Independent - Validation of PhoneNumber Control Title
13:51:00.081 [main] INFO  testCases.TC_003_SFAll_Independent - Phone Number Entered
13:51:00.185 [main] INFO  testCases.TC_003_SFAll_Independent - PhoneNumber Next Clicked
13:51:00.422 [main] INFO  testCases.TC_003_SFAll_Independent - Validation of Appointment Control Title
13:51:00.536 [main] INFO  testCases.TC_003_SFAll_Independent - Appointment Clicked
13:51:14.769 [main] INFO  testCases.TC_003_SFAll_Independent - Appointment Time Captured in Expected Value
13:51:15.924 [main] INFO  testCases.TC_003_SFAll_Independent - Appointment Next Button clicked
13:51:16.138 [main] INFO  testCases.TC_003_SFAll_Independent - Validation of MultiChoice Control Title
13:51:17.522 [main] INFO  testCases.TC_003_SFAll_Independent - Expected Value:Agree
13:51:17.537 [main] INFO  testCases.TC_003_SFAll_Independent - DropDown Value:Agree
13:51:17.641 [main] INFO  testCases.TC_003_SFAll_Independent - Expected Value:DisAgree
13:51:17.653 [main] INFO  testCases.TC_003_SFAll_Independent - DropDown Value:DisAgree
13:51:17.690 [main] INFO  testCases.TC_003_SFAll_Independent - MultiChoice Value Selected
13:51:17.941 [main] INFO  testCases.TC_003_SFAll_Independent - Validation of List Control Control Title
13:51:22.341 [main] INFO  testCases.TC_003_SFAll_Independent - [Sample Option 1] is selected in List
13:51:22.341 [main] INFO  testCases.TC_003_SFAll_Independent - List Item Selected Sample Option 1
13:51:22.441 [main] INFO  testCases.TC_003_SFAll_Independent - List Next Clicked
13:51:22.671 [main] INFO  testCases.TC_003_SFAll_Independent - Validation of Number Control Control Title
13:51:23.031 [main] INFO  testCases.TC_003_SFAll_Independent - Number Selected 1234567890
13:51:23.122 [main] INFO  testCases.TC_003_SFAll_Independent - Number Next Clicked
13:51:23.356 [main] INFO  testCases.TC_003_SFAll_Independent - Validation of Range Control Control Title
13:51:26.072 [main] INFO  testCases.TC_003_SFAll_Independent - Range Selected 50
13:51:26.149 [main] INFO  testCases.TC_003_SFAll_Independent - Range Next Clicked
13:51:26.402 [main] INFO  testCases.TC_003_SFAll_Independent - Validation of Rating Control Control Title
15:17:05.097 [main] INFO  testCases.TC_003_SFAll_Independent - ******starting TC_003_SFAll_Independent ****
15:17:05.158 [main] INFO  testCases.TC_003_SFAll_Independent - Excel file Utility instance created
15:17:06.056 [main] INFO  testCases.TC_003_SFAll_Independent - Row Count is: 1
15:17:06.130 [main] INFO  testCases.TC_003_SFAll_Independent - Col Count is: 47
15:17:06.131 [main] INFO  testCases.TC_003_SFAll_Independent - Extracting DataSheet Values started...
15:17:07.677 [main] INFO  testCases.TC_003_SFAll_Independent - Extracting DataSheet Values Completed...
15:17:09.335 [main] INFO  testCases.TC_003_SFAll_Independent - Survey Form Url Launched..
15:17:09.491 [main] INFO  testCases.TC_003_SFAll_Independent - Validation of Message Control Title
15:17:10.141 [main] INFO  testCases.TC_003_SFAll_Independent - Select an option..!Actual Title 
15:17:10.141 [main] INFO  testCases.TC_003_SFAll_Independent - Validation of MultiChoice Control Title
15:17:13.408 [main] INFO  testCases.TC_003_SFAll_Independent - [Strongly Agree] is selected in List
15:17:13.408 [main] INFO  testCases.TC_003_SFAll_Independent - MultiChoice Item Selected
15:17:13.517 [main] INFO  testCases.TC_003_SFAll_Independent - MultiChoice Next Clicked
15:17:13.718 [main] INFO  testCases.TC_003_SFAll_Independent - Validation of TextQuestion Control Title
15:17:14.135 [main] INFO  testCases.TC_003_SFAll_Independent - Text Entered in TextAnswer Control
15:17:14.234 [main] INFO  testCases.TC_003_SFAll_Independent - Text Question Next Clicked
15:17:14.399 [main] INFO  testCases.TC_003_SFAll_Independent - Validation of Email Control Title
15:17:14.746 [main] INFO  testCases.TC_003_SFAll_Independent - Email Id Entered
15:17:14.835 [main] INFO  testCases.TC_003_SFAll_Independent - Email Next Clicked
15:17:15.344 [main] INFO  testCases.TC_003_SFAll_Independent - Validation of PhoneNumber Control Title
15:17:35.833 [main] INFO  testCases.TC_003_SFAll_Independent - Phone Number Entered
15:17:35.946 [main] INFO  testCases.TC_003_SFAll_Independent - PhoneNumber Next Clicked
15:17:36.183 [main] INFO  testCases.TC_003_SFAll_Independent - Validation of Appointment Control Title
15:17:36.297 [main] INFO  testCases.TC_003_SFAll_Independent - Appointment Clicked
15:17:50.392 [main] INFO  testCases.TC_003_SFAll_Independent - Appointment Time Captured in Expected Value
15:17:51.533 [main] INFO  testCases.TC_003_SFAll_Independent - Appointment Next Button clicked
15:17:51.760 [main] INFO  testCases.TC_003_SFAll_Independent - Validation of MultiChoice Control Title
15:17:53.061 [main] INFO  testCases.TC_003_SFAll_Independent - Expected Value:Agree
15:17:53.072 [main] INFO  testCases.TC_003_SFAll_Independent - DropDown Value:Agree
15:17:53.166 [main] INFO  testCases.TC_003_SFAll_Independent - Expected Value:DisAgree
15:17:53.176 [main] INFO  testCases.TC_003_SFAll_Independent - DropDown Value:DisAgree
15:17:53.213 [main] INFO  testCases.TC_003_SFAll_Independent - MultiChoice Value Selected
15:17:53.516 [main] INFO  testCases.TC_003_SFAll_Independent - Validation of List Control Control Title
15:17:57.946 [main] INFO  testCases.TC_003_SFAll_Independent - [Sample Option 1] is selected in List
15:17:57.946 [main] INFO  testCases.TC_003_SFAll_Independent - List Item Selected Sample Option 1
15:17:58.073 [main] INFO  testCases.TC_003_SFAll_Independent - List Next Clicked
15:17:58.245 [main] INFO  testCases.TC_003_SFAll_Independent - Validation of Number Control Control Title
15:17:58.605 [main] INFO  testCases.TC_003_SFAll_Independent - Number Selected 1234567890
15:17:58.684 [main] INFO  testCases.TC_003_SFAll_Independent - Number Next Clicked
15:17:58.890 [main] INFO  testCases.TC_003_SFAll_Independent - Validation of Range Control Control Title
15:18:01.647 [main] INFO  testCases.TC_003_SFAll_Independent - Range Selected 50
15:18:01.734 [main] INFO  testCases.TC_003_SFAll_Independent - Range Next Clicked
15:18:02.227 [main] INFO  testCases.TC_003_SFAll_Independent - Validation of Rating Control Control Title
15:18:12.249 [main] INFO  testCases.TC_003_SFAll_Independent - Rating Value: BadClicked
15:18:12.352 [main] INFO  testCases.TC_003_SFAll_Independent - Rating Next Clicked
15:44:06.220 [main] INFO  testCases.TC_003_SFAll_Independent - ******starting TC_003_SFAll_Independent ****
15:44:06.248 [main] INFO  testCases.TC_003_SFAll_Independent - Excel file Utility instance created
15:44:07.075 [main] INFO  testCases.TC_003_SFAll_Independent - Row Count is: 1
15:44:07.148 [main] INFO  testCases.TC_003_SFAll_Independent - Col Count is: 47
15:44:07.148 [main] INFO  testCases.TC_003_SFAll_Independent - Extracting DataSheet Values started...
15:44:08.559 [main] INFO  testCases.TC_003_SFAll_Independent - Extracting DataSheet Values Completed...
15:44:10.780 [main] INFO  testCases.TC_003_SFAll_Independent - Survey Form Url Launched..
15:44:10.912 [main] INFO  testCases.TC_003_SFAll_Independent - Validation of Message Control Title
15:44:11.377 [main] INFO  testCases.TC_003_SFAll_Independent - Select an option..!Actual Title 
15:44:11.377 [main] INFO  testCases.TC_003_SFAll_Independent - Validation of MultiChoice Control Title
15:44:14.696 [main] INFO  testCases.TC_003_SFAll_Independent - [Strongly Agree] is selected in List
15:44:14.696 [main] INFO  testCases.TC_003_SFAll_Independent - MultiChoice Item Selected
15:44:14.799 [main] INFO  testCases.TC_003_SFAll_Independent - MultiChoice Next Clicked
15:44:15.028 [main] INFO  testCases.TC_003_SFAll_Independent - Validation of TextQuestion Control Title
15:44:15.435 [main] INFO  testCases.TC_003_SFAll_Independent - Text Entered in TextAnswer Control
15:44:15.543 [main] INFO  testCases.TC_003_SFAll_Independent - Text Question Next Clicked
15:44:15.704 [main] INFO  testCases.TC_003_SFAll_Independent - Validation of Email Control Title
15:44:16.051 [main] INFO  testCases.TC_003_SFAll_Independent - Email Id Entered
15:44:16.143 [main] INFO  testCases.TC_003_SFAll_Independent - Email Next Clicked
15:44:16.352 [main] INFO  testCases.TC_003_SFAll_Independent - Validation of PhoneNumber Control Title
15:44:36.835 [main] INFO  testCases.TC_003_SFAll_Independent - Phone Number Entered
15:44:36.939 [main] INFO  testCases.TC_003_SFAll_Independent - PhoneNumber Next Clicked
15:44:37.183 [main] INFO  testCases.TC_003_SFAll_Independent - Validation of Appointment Control Title
15:44:37.338 [main] INFO  testCases.TC_003_SFAll_Independent - Appointment Clicked
15:44:51.549 [main] INFO  testCases.TC_003_SFAll_Independent - Appointment Time Captured in Expected Value
15:44:52.675 [main] INFO  testCases.TC_003_SFAll_Independent - Appointment Next Button clicked
16:04:06.874 [main] INFO  testCases.TC_003_SFAll_Independent - ******starting TC_003_SFAll_Independent ****
16:04:06.909 [main] INFO  testCases.TC_003_SFAll_Independent - Excel file Utility instance created
16:04:07.727 [main] INFO  testCases.TC_003_SFAll_Independent - Row Count is: 1
16:04:07.807 [main] INFO  testCases.TC_003_SFAll_Independent - Col Count is: 47
16:04:07.808 [main] INFO  testCases.TC_003_SFAll_Independent - Extracting DataSheet Values started...
16:04:09.405 [main] INFO  testCases.TC_003_SFAll_Independent - Extracting DataSheet Values Completed...
16:04:11.627 [main] INFO  testCases.TC_003_SFAll_Independent - Survey Form Url Launched..
16:04:11.827 [main] INFO  testCases.TC_003_SFAll_Independent - Validation of Message Control Title
16:04:12.239 [main] INFO  testCases.TC_003_SFAll_Independent - Select an option..!Actual Title 
16:04:12.239 [main] INFO  testCases.TC_003_SFAll_Independent - Validation of MultiChoice Control Title
16:04:15.550 [main] INFO  testCases.TC_003_SFAll_Independent - [Strongly Agree] is selected in List
16:04:15.551 [main] INFO  testCases.TC_003_SFAll_Independent - MultiChoice Item Selected
16:04:15.660 [main] INFO  testCases.TC_003_SFAll_Independent - MultiChoice Next Clicked
16:04:15.903 [main] INFO  testCases.TC_003_SFAll_Independent - Validation of TextQuestion Control Title
16:04:16.317 [main] INFO  testCases.TC_003_SFAll_Independent - Text Entered in TextAnswer Control
16:04:16.407 [main] INFO  testCases.TC_003_SFAll_Independent - Text Question Next Clicked
16:04:16.637 [main] INFO  testCases.TC_003_SFAll_Independent - Validation of Email Control Title
16:04:16.991 [main] INFO  testCases.TC_003_SFAll_Independent - Email Id Entered
16:04:17.079 [main] INFO  testCases.TC_003_SFAll_Independent - Email Next Clicked
16:04:17.324 [main] INFO  testCases.TC_003_SFAll_Independent - Validation of PhoneNumber Control Title
16:04:37.868 [main] INFO  testCases.TC_003_SFAll_Independent - Phone Number Entered
16:04:37.959 [main] INFO  testCases.TC_003_SFAll_Independent - PhoneNumber Next Clicked
16:04:38.210 [main] INFO  testCases.TC_003_SFAll_Independent - Validation of Appointment Control Title
16:04:38.322 [main] INFO  testCases.TC_003_SFAll_Independent - Appointment Clicked
16:04:53.584 [main] INFO  testCases.TC_003_SFAll_Independent - Appointment Time Captured in Expected Value
16:04:54.736 [main] INFO  testCases.TC_003_SFAll_Independent - Appointment Next Button clicked
16:04:54.945 [main] INFO  testCases.TC_003_SFAll_Independent - Validation of MultiChoice Control Title
16:04:56.290 [main] INFO  testCases.TC_003_SFAll_Independent - Expected Value:Agree
16:04:56.302 [main] INFO  testCases.TC_003_SFAll_Independent - DropDown Value:Agree
16:04:56.398 [main] INFO  testCases.TC_003_SFAll_Independent - Expected Value:DisAgree
16:04:56.409 [main] INFO  testCases.TC_003_SFAll_Independent - DropDown Value:DisAgree
16:04:56.450 [main] INFO  testCases.TC_003_SFAll_Independent - MultiChoice Value Selected
16:04:56.764 [main] INFO  testCases.TC_003_SFAll_Independent - Validation of List Control Control Title
16:05:01.227 [main] INFO  testCases.TC_003_SFAll_Independent - [Sample Option 1] is selected in List
16:05:01.227 [main] INFO  testCases.TC_003_SFAll_Independent - List Item Selected Sample Option 1
16:05:01.332 [main] INFO  testCases.TC_003_SFAll_Independent - List Next Clicked
16:05:01.487 [main] INFO  testCases.TC_003_SFAll_Independent - Validation of Number Control Control Title
16:05:01.844 [main] INFO  testCases.TC_003_SFAll_Independent - Number Selected 1234567890
16:05:01.921 [main] INFO  testCases.TC_003_SFAll_Independent - Number Next Clicked
16:05:02.146 [main] INFO  testCases.TC_003_SFAll_Independent - Validation of Range Control Control Title
16:05:04.991 [main] INFO  testCases.TC_003_SFAll_Independent - Range Selected 50
16:05:05.076 [main] INFO  testCases.TC_003_SFAll_Independent - Range Next Clicked
16:05:05.257 [main] INFO  testCases.TC_003_SFAll_Independent - Validation of Rating Control Control Title
16:05:15.317 [main] INFO  testCases.TC_003_SFAll_Independent - Rating Value: BadClicked
16:05:15.536 [main] INFO  testCases.TC_003_SFAll_Independent - Rating Next Clicked
16:20:19.235 [main] INFO  testCases.TC_003_SFAll_Independent - ******starting TC_003_SFAll_Independent ****
16:20:19.268 [main] INFO  testCases.TC_003_SFAll_Independent - Excel file Utility instance created
16:20:20.066 [main] INFO  testCases.TC_003_SFAll_Independent - Row Count is: 1
16:20:20.153 [main] INFO  testCases.TC_003_SFAll_Independent - Col Count is: 47
16:20:20.153 [main] INFO  testCases.TC_003_SFAll_Independent - Extracting DataSheet Values started...
16:20:21.755 [main] INFO  testCases.TC_003_SFAll_Independent - Extracting DataSheet Values Completed...
16:20:25.626 [main] INFO  testCases.TC_003_SFAll_Independent - Survey Form Url Launched..
16:20:25.867 [main] INFO  testCases.TC_003_SFAll_Independent - Validation of Message Control Title
16:20:26.270 [main] INFO  testCases.TC_003_SFAll_Independent - Select an option..!Actual Title 
16:20:26.271 [main] INFO  testCases.TC_003_SFAll_Independent - Validation of MultiChoice Control Title
16:20:29.544 [main] INFO  testCases.TC_003_SFAll_Independent - [Strongly Agree] is selected in List
16:20:29.544 [main] INFO  testCases.TC_003_SFAll_Independent - MultiChoice Item Selected
16:20:29.653 [main] INFO  testCases.TC_003_SFAll_Independent - MultiChoice Next Clicked
16:20:29.823 [main] INFO  testCases.TC_003_SFAll_Independent - Validation of TextQuestion Control Title
16:20:30.269 [main] INFO  testCases.TC_003_SFAll_Independent - Text Entered in TextAnswer Control
16:20:30.366 [main] INFO  testCases.TC_003_SFAll_Independent - Text Question Next Clicked
16:20:30.728 [main] INFO  testCases.TC_003_SFAll_Independent - Validation of Email Control Title
16:20:31.075 [main] INFO  testCases.TC_003_SFAll_Independent - Email Id Entered
16:20:31.177 [main] INFO  testCases.TC_003_SFAll_Independent - Email Next Clicked
16:20:31.387 [main] INFO  testCases.TC_003_SFAll_Independent - Validation of PhoneNumber Control Title
17:18:53.064 [main] INFO  testCases.TC_003_SFAll_Independent - ******starting TC_003_SFAll_Independent ****
17:18:53.112 [main] INFO  testCases.TC_003_SFAll_Independent - Excel file Utility instance created
17:18:53.943 [main] INFO  testCases.TC_003_SFAll_Independent - Row Count is: 1
17:18:54.029 [main] INFO  testCases.TC_003_SFAll_Independent - Col Count is: 47
17:18:54.029 [main] INFO  testCases.TC_003_SFAll_Independent - Extracting DataSheet Values started...
17:18:55.510 [main] INFO  testCases.TC_003_SFAll_Independent - Extracting DataSheet Values Completed...
17:18:57.109 [main] INFO  testCases.TC_003_SFAll_Independent - Survey Form Url Launched..
17:18:57.260 [main] INFO  testCases.TC_003_SFAll_Independent - Validation of Message Control Title
17:18:57.672 [main] INFO  testCases.TC_003_SFAll_Independent - Select an option..!Actual Title 
17:18:57.672 [main] INFO  testCases.TC_003_SFAll_Independent - Validation of MultiChoice Control Title
17:19:00.944 [main] INFO  testCases.TC_003_SFAll_Independent - [Strongly Agree] is selected in List
17:19:00.945 [main] INFO  testCases.TC_003_SFAll_Independent - MultiChoice Item Selected
17:19:01.056 [main] INFO  testCases.TC_003_SFAll_Independent - MultiChoice Next Clicked
17:19:01.295 [main] INFO  testCases.TC_003_SFAll_Independent - Validation of TextQuestion Control Title
17:19:01.697 [main] INFO  testCases.TC_003_SFAll_Independent - Text Entered in TextAnswer Control
17:19:01.801 [main] INFO  testCases.TC_003_SFAll_Independent - Text Question Next Clicked
17:19:02.037 [main] INFO  testCases.TC_003_SFAll_Independent - Validation of Email Control Title
17:19:02.435 [main] INFO  testCases.TC_003_SFAll_Independent - Email Id Entered
17:19:02.526 [main] INFO  testCases.TC_003_SFAll_Independent - Email Next Clicked
17:19:02.739 [main] INFO  testCases.TC_003_SFAll_Independent - Validation of PhoneNumber Control Title
17:19:23.297 [main] INFO  testCases.TC_003_SFAll_Independent - Phone Number Entered
17:19:23.390 [main] INFO  testCases.TC_003_SFAll_Independent - PhoneNumber Next Clicked
17:19:23.705 [main] INFO  testCases.TC_003_SFAll_Independent - Validation of Appointment Control Title
17:19:23.811 [main] INFO  testCases.TC_003_SFAll_Independent - Appointment Clicked
17:19:38.951 [main] INFO  testCases.TC_003_SFAll_Independent - Appointment Time Captured in Expected Value
17:19:40.099 [main] INFO  testCases.TC_003_SFAll_Independent - Appointment Next Button clicked
17:19:40.336 [main] INFO  testCases.TC_003_SFAll_Independent - Validation of MultiChoice Control Title
17:19:41.695 [main] INFO  testCases.TC_003_SFAll_Independent - Expected Value:Agree
