16:32:17.468 [main] INFO  testCases.TC_003_SFAll_Independent - Rating Value: BadClicked
16:32:18.630 [main] INFO  testCases.TC_003_SFAll_Independent - Rating Next Clicked
16:32:18.828 [main] INFO  testCases.TC_003_SFAll_Independent - Validation of Opinion Scale Control Title
16:32:22.125 [main] INFO  testCases.TC_003_SFAll_Independent - [5] is selected in List
16:32:22.126 [main] INFO  testCases.TC_003_SFAll_Independent - Opinion Scale : 5Clicked
16:32:22.211 [main] INFO  testCases.TC_003_SFAll_Independent - Opinion Scale Next Clicked
16:32:22.417 [main] INFO  testCases.TC_003_SFAll_Independent - Validation of Date Control Title
16:32:24.853 [main] INFO  testCases.TC_003_SFAll_Independent - Date Value Updated to DataSheet
16:32:24.987 [main] INFO  testCases.TC_003_SFAll_Independent - Date Next Clicked
16:32:25.200 [main] INFO  testCases.TC_003_SFAll_Independent - Validation of File Upload Control Title
16:32:28.425 [main] INFO  testCases.TC_003_SFAll_Independent - FileUpload Next Clicked
16:32:29.492 [main] INFO  testCases.TC_003_SFAll_Independent - Validation of Link Control Title  Please contact us  
16:32:29.492 [main] INFO  testCases.TC_003_SFAll_Independent - Multiple Links Clicked
16:32:29.603 [main] INFO  testCases.TC_003_SFAll_Independent - Links Next Clicked
16:32:29.812 [main] INFO  testCases.TC_003_SFAll_Independent - Validation of ThankYou Control TitleNice chatting with you
16:32:29.915 [main] INFO  testCases.TC_003_SFAll_Independent - ThankYou Next Clicked
16:32:30.974 [main] INFO  testCases.TC_003_SFAll_Independent - Validation of Picture Message Control Title Type and select your answer..! 1
16:32:30.975 [main] INFO  testCases.TC_003_SFAll_Independent - Picture Message Seleted:PictureMessage
16:32:32.087 [main] INFO  testCases.TC_003_SFAll_Independent - Picture Message Next Clicked
16:42:23.648 [main] INFO  testCases.TC_003_SFAll_Independent - ******starting TC_003_SFAll_Independent ****
16:42:23.710 [main] INFO  testCases.TC_003_SFAll_Independent - Excel file Utility instance created
16:42:24.536 [main] INFO  testCases.TC_003_SFAll_Independent - Row Count is: 1
16:42:24.622 [main] INFO  testCases.TC_003_SFAll_Independent - Col Count is: 47
16:42:24.622 [main] INFO  testCases.TC_003_SFAll_Independent - Extracting DataSheet Values started...
16:42:26.256 [main] INFO  testCases.TC_003_SFAll_Independent - Extracting DataSheet Values Completed...
16:42:30.391 [main] INFO  testCases.TC_003_SFAll_Independent - Survey Form Url Launched..
16:42:30.473 [main] INFO  testCases.TC_003_SFAll_Independent - Validation of Message Control Title
16:42:30.925 [main] INFO  testCases.TC_003_SFAll_Independent - Select an option..!Actual Title 
16:42:30.926 [main] INFO  testCases.TC_003_SFAll_Independent - Validation of MultiChoice Control Title
16:42:34.174 [main] INFO  testCases.TC_003_SFAll_Independent - [Strongly Agree] is selected in List
16:42:34.175 [main] INFO  testCases.TC_003_SFAll_Independent - MultiChoice Item Selected
16:42:34.286 [main] INFO  testCases.TC_003_SFAll_Independent - MultiChoice Next Clicked
16:42:34.513 [main] INFO  testCases.TC_003_SFAll_Independent - Validation of TextQuestion Control Title
16:42:34.923 [main] INFO  testCases.TC_003_SFAll_Independent - Text Entered in TextAnswer Control
16:42:35.019 [main] INFO  testCases.TC_003_SFAll_Independent - Text Question Next Clicked
16:42:35.186 [main] INFO  testCases.TC_003_SFAll_Independent - Validation of Email Control Title
16:42:35.546 [main] INFO  testCases.TC_003_SFAll_Independent - Email Id Entered
16:42:35.706 [main] INFO  testCases.TC_003_SFAll_Independent - Email Next Clicked
16:42:35.920 [main] INFO  testCases.TC_003_SFAll_Independent - Validation of PhoneNumber Control Title
16:42:56.533 [main] INFO  testCases.TC_003_SFAll_Independent - Phone Number Entered
16:42:56.633 [main] INFO  testCases.TC_003_SFAll_Independent - PhoneNumber Next Clicked
16:42:56.876 [main] INFO  testCases.TC_003_SFAll_Independent - Validation of Appointment Control Title
16:42:57.000 [main] INFO  testCases.TC_003_SFAll_Independent - Appointment Clicked
16:43:24.709 [main] INFO  testCases.TC_003_SFAll_Independent - Appointment Updated to Datasheet
16:43:24.710 [main] INFO  testCases.TC_003_SFAll_Independent - Appointment Time Captured in Expected Value
16:43:25.805 [main] INFO  testCases.TC_003_SFAll_Independent - Appointment Next Button clicked
16:43:26.009 [main] INFO  testCases.TC_003_SFAll_Independent - Validation of MultiChoice Control Title
16:43:27.346 [main] INFO  testCases.TC_003_SFAll_Independent - Expected Value:Agree
16:43:27.365 [main] INFO  testCases.TC_003_SFAll_Independent - DropDown Value:Agree
16:43:27.467 [main] INFO  testCases.TC_003_SFAll_Independent - Expected Value:DisAgree
16:43:27.479 [main] INFO  testCases.TC_003_SFAll_Independent - DropDown Value:DisAgree
16:43:27.522 [main] INFO  testCases.TC_003_SFAll_Independent - MultiChoice Value Selected
16:43:27.838 [main] INFO  testCases.TC_003_SFAll_Independent - Validation of List Control Control Title
16:43:32.150 [main] INFO  testCases.TC_003_SFAll_Independent - [Sample Option 1] is selected in List
16:43:32.150 [main] INFO  testCases.TC_003_SFAll_Independent - List Item Selected Sample Option 1
16:43:32.242 [main] INFO  testCases.TC_003_SFAll_Independent - List Next Clicked
16:43:32.475 [main] INFO  testCases.TC_003_SFAll_Independent - Validation of Number Control Control Title
16:43:32.841 [main] INFO  testCases.TC_003_SFAll_Independent - Number Selected 1234567890
16:43:32.933 [main] INFO  testCases.TC_003_SFAll_Independent - Number Next Clicked
16:43:33.185 [main] INFO  testCases.TC_003_SFAll_Independent - Validation of Range Control Control Title
16:43:35.848 [main] INFO  testCases.TC_003_SFAll_Independent - Range Selected 50
16:43:35.947 [main] INFO  testCases.TC_003_SFAll_Independent - Range Next Clicked
16:43:36.155 [main] INFO  testCases.TC_003_SFAll_Independent - Validation of Rating Control Control Title
16:43:36.285 [main] INFO  testCases.TC_003_SFAll_Independent - Rating Value: BadClicked
16:43:37.411 [main] INFO  testCases.TC_003_SFAll_Independent - Rating Next Clicked
16:43:37.644 [main] INFO  testCases.TC_003_SFAll_Independent - Validation of Opinion Scale Control Title
16:43:40.907 [main] INFO  testCases.TC_003_SFAll_Independent - [5] is selected in List
16:43:40.907 [main] INFO  testCases.TC_003_SFAll_Independent - Opinion Scale : 5Clicked
16:43:40.995 [main] INFO  testCases.TC_003_SFAll_Independent - Opinion Scale Next Clicked
16:43:41.193 [main] INFO  testCases.TC_003_SFAll_Independent - Validation of Date Control Title
16:43:43.599 [main] INFO  testCases.TC_003_SFAll_Independent - Date Value Updated to DataSheet
16:43:43.776 [main] INFO  testCases.TC_003_SFAll_Independent - Date Next Clicked
16:43:43.960 [main] INFO  testCases.TC_003_SFAll_Independent - Validation of File Upload Control Title
16:43:47.190 [main] INFO  testCases.TC_003_SFAll_Independent - FileUpload Next Clicked
16:43:48.229 [main] INFO  testCases.TC_003_SFAll_Independent - Validation of Link Control Title  Please contact us  
16:43:48.229 [main] INFO  testCases.TC_003_SFAll_Independent - Multiple Links Clicked
16:43:48.318 [main] INFO  testCases.TC_003_SFAll_Independent - Links Next Clicked
16:43:48.500 [main] INFO  testCases.TC_003_SFAll_Independent - Validation of ThankYou Control TitleNice chatting with you
16:43:48.586 [main] INFO  testCases.TC_003_SFAll_Independent - ThankYou Next Clicked
16:43:49.636 [main] INFO  testCases.TC_003_SFAll_Independent - Validation of Picture Message Control Title Type and select your answer..! 1
16:43:49.766 [main] INFO  testCases.TC_003_SFAll_Independent - Picture Message Seleted:PictureMessage
16:43:50.904 [main] INFO  testCases.TC_003_SFAll_Independent - Picture Message Next Clicked
16:43:51.975 [main] INFO  testCases.TC_003_SFAll_Independent - Validation of YesorNo Control Title Select Yes or No..? 
16:43:52.174 [main] INFO  testCases.TC_003_SFAll_Independent - YesorNo Next Clicked
16:49:36.415 [main] INFO  testCases.TC_003_SFAll_Independent - ******starting TC_003_SFAll_Independent ****
16:49:36.452 [main] INFO  testCases.TC_003_SFAll_Independent - Excel file Utility instance created
16:49:37.286 [main] INFO  testCases.TC_003_SFAll_Independent - Row Count is: 1
16:49:37.356 [main] INFO  testCases.TC_003_SFAll_Independent - Col Count is: 47
16:49:37.356 [main] INFO  testCases.TC_003_SFAll_Independent - Extracting DataSheet Values started...
16:49:38.857 [main] INFO  testCases.TC_003_SFAll_Independent - Extracting DataSheet Values Completed...
16:49:41.049 [main] INFO  testCases.TC_003_SFAll_Independent - Survey Form Url Launched..
16:49:41.195 [main] INFO  testCases.TC_003_SFAll_Independent - Validation of Message Control Title
16:49:41.607 [main] INFO  testCases.TC_003_SFAll_Independent - Select an option..!Actual Title 
16:49:41.607 [main] INFO  testCases.TC_003_SFAll_Independent - Validation of MultiChoice Control Title
16:49:44.887 [main] INFO  testCases.TC_003_SFAll_Independent - [Strongly Agree] is selected in List
16:49:44.887 [main] INFO  testCases.TC_003_SFAll_Independent - MultiChoice Item Selected
16:49:44.989 [main] INFO  testCases.TC_003_SFAll_Independent - MultiChoice Next Clicked
16:49:45.211 [main] INFO  testCases.TC_003_SFAll_Independent - Validation of TextQuestion Control Title
16:49:45.621 [main] INFO  testCases.TC_003_SFAll_Independent - Text Entered in TextAnswer Control
16:49:45.722 [main] INFO  testCases.TC_003_SFAll_Independent - Text Question Next Clicked
16:49:45.894 [main] INFO  testCases.TC_003_SFAll_Independent - Validation of Email Control Title
16:49:46.287 [main] INFO  testCases.TC_003_SFAll_Independent - Email Id Entered
16:49:46.437 [main] INFO  testCases.TC_003_SFAll_Independent - Email Next Clicked
16:49:46.799 [main] INFO  testCases.TC_003_SFAll_Independent - Validation of PhoneNumber Control Title
16:50:07.269 [main] INFO  testCases.TC_003_SFAll_Independent - Phone Number Entered
16:50:07.369 [main] INFO  testCases.TC_003_SFAll_Independent - PhoneNumber Next Clicked
16:50:07.607 [main] INFO  testCases.TC_003_SFAll_Independent - Validation of Appointment Control Title
16:50:07.720 [main] INFO  testCases.TC_003_SFAll_Independent - Appointment Clicked
16:50:35.738 [main] INFO  testCases.TC_003_SFAll_Independent - Appointment Updated to Datasheet
16:50:35.738 [main] INFO  testCases.TC_003_SFAll_Independent - Appointment Time Captured in Expected Value
16:50:36.905 [main] INFO  testCases.TC_003_SFAll_Independent - Appointment Next Button clicked
16:50:37.149 [main] INFO  testCases.TC_003_SFAll_Independent - Validation of MultiChoice Control Title
16:50:38.495 [main] INFO  testCases.TC_003_SFAll_Independent - Expected Value:Agree
16:50:38.507 [main] INFO  testCases.TC_003_SFAll_Independent - DropDown Value:Agree
16:50:38.605 [main] INFO  testCases.TC_003_SFAll_Independent - Expected Value:DisAgree
16:50:38.617 [main] INFO  testCases.TC_003_SFAll_Independent - DropDown Value:DisAgree
16:50:38.658 [main] INFO  testCases.TC_003_SFAll_Independent - MultiChoice Value Selected
16:50:38.958 [main] INFO  testCases.TC_003_SFAll_Independent - Validation of List Control Control Title
16:50:43.336 [main] INFO  testCases.TC_003_SFAll_Independent - [Sample Option 1] is selected in List
16:50:43.336 [main] INFO  testCases.TC_003_SFAll_Independent - List Item Selected Sample Option 1
16:50:43.429 [main] INFO  testCases.TC_003_SFAll_Independent - List Next Clicked
16:50:43.631 [main] INFO  testCases.TC_003_SFAll_Independent - Validation of Number Control Control Title
16:50:44.046 [main] INFO  testCases.TC_003_SFAll_Independent - Number Selected 1234567890
16:50:44.137 [main] INFO  testCases.TC_003_SFAll_Independent - Number Next Clicked
16:50:44.317 [main] INFO  testCases.TC_003_SFAll_Independent - Validation of Range Control Control Title
16:50:47.046 [main] INFO  testCases.TC_003_SFAll_Independent - Range Selected 50
16:50:47.121 [main] INFO  testCases.TC_003_SFAll_Independent - Range Next Clicked
16:50:47.338 [main] INFO  testCases.TC_003_SFAll_Independent - Validation of Rating Control Control Title
16:50:47.449 [main] INFO  testCases.TC_003_SFAll_Independent - Rating Value: BadClicked
16:50:48.574 [main] INFO  testCases.TC_003_SFAll_Independent - Rating Next Clicked
16:50:48.790 [main] INFO  testCases.TC_003_SFAll_Independent - Validation of Opinion Scale Control Title
16:50:52.164 [main] INFO  testCases.TC_003_SFAll_Independent - [5] is selected in List
16:50:52.164 [main] INFO  testCases.TC_003_SFAll_Independent - Opinion Scale : 5Clicked
16:50:52.253 [main] INFO  testCases.TC_003_SFAll_Independent - Opinion Scale Next Clicked
16:50:52.502 [main] INFO  testCases.TC_003_SFAll_Independent - Validation of Date Control Title
16:50:54.916 [main] INFO  testCases.TC_003_SFAll_Independent - Date Value Updated to DataSheet
16:50:55.032 [main] INFO  testCases.TC_003_SFAll_Independent - Date Next Clicked
16:50:55.260 [main] INFO  testCases.TC_003_SFAll_Independent - Validation of File Upload Control Title
16:50:58.468 [main] INFO  testCases.TC_003_SFAll_Independent - FileUpload Next Clicked
16:50:59.497 [main] INFO  testCases.TC_003_SFAll_Independent - Validation of Link Control Title  Please contact us  
16:50:59.497 [main] INFO  testCases.TC_003_SFAll_Independent - Multiple Links Clicked
16:50:59.572 [main] INFO  testCases.TC_003_SFAll_Independent - Links Next Clicked
16:50:59.838 [main] INFO  testCases.TC_003_SFAll_Independent - Validation of ThankYou Control TitleNice chatting with you
16:50:59.941 [main] INFO  testCases.TC_003_SFAll_Independent - ThankYou Next Clicked
16:51:01.004 [main] INFO  testCases.TC_003_SFAll_Independent - Validation of Picture Message Control Title Type and select your answer..! 1
16:51:01.196 [main] INFO  testCases.TC_003_SFAll_Independent - Picture Message Seleted:PictureMessage
16:51:02.473 [main] INFO  testCases.TC_003_SFAll_Independent - Picture Message Next Clicked
16:51:03.532 [main] INFO  testCases.TC_003_SFAll_Independent - Validation of YesorNo Control Title Select Yes or No..? 
16:51:03.705 [main] INFO  testCases.TC_003_SFAll_Independent - YesorNo Next Clicked
16:51:04.760 [main] INFO  testCases.TC_003_SFAll_Independent - Validation of Agreement Control Title Type and select your answer..! 
16:51:04.796 [main] INFO  testCases.TC_003_SFAll_Independent - Validation of Agreement TextI agree to the terms and conditions
16:54:34.223 [main] INFO  testCases.TC_003_SFAll_Independent - ******starting TC_003_SFAll_Independent ****
16:54:34.285 [main] INFO  testCases.TC_003_SFAll_Independent - Excel file Utility instance created
16:54:35.220 [main] INFO  testCases.TC_003_SFAll_Independent - Row Count is: 1
16:54:35.293 [main] INFO  testCases.TC_003_SFAll_Independent - Col Count is: 47
16:54:35.293 [main] INFO  testCases.TC_003_SFAll_Independent - Extracting DataSheet Values started...
16:54:36.930 [main] INFO  testCases.TC_003_SFAll_Independent - Extracting DataSheet Values Completed...
16:54:39.428 [main] INFO  testCases.TC_003_SFAll_Independent - Survey Form Url Launched..
16:54:39.518 [main] INFO  testCases.TC_003_SFAll_Independent - Validation of Message Control Title
16:54:39.961 [main] INFO  testCases.TC_003_SFAll_Independent - Select an option..!Actual Title 
16:54:39.962 [main] INFO  testCases.TC_003_SFAll_Independent - Validation of MultiChoice Control Title
16:54:43.316 [main] INFO  testCases.TC_003_SFAll_Independent - [Strongly Agree] is selected in List
16:54:43.316 [main] INFO  testCases.TC_003_SFAll_Independent - MultiChoice Item Selected
16:54:43.431 [main] INFO  testCases.TC_003_SFAll_Independent - MultiChoice Next Clicked
16:54:43.628 [main] INFO  testCases.TC_003_SFAll_Independent - Validation of TextQuestion Control Title
16:54:44.055 [main] INFO  testCases.TC_003_SFAll_Independent - Text Entered in TextAnswer Control
16:54:44.149 [main] INFO  testCases.TC_003_SFAll_Independent - Text Question Next Clicked
16:54:44.342 [main] INFO  testCases.TC_003_SFAll_Independent - Validation of Email Control Title
16:54:44.722 [main] INFO  testCases.TC_003_SFAll_Independent - Email Id Entered
16:54:44.812 [main] INFO  testCases.TC_003_SFAll_Independent - Email Next Clicked
16:54:45.074 [main] INFO  testCases.TC_003_SFAll_Independent - Validation of PhoneNumber Control Title
16:55:05.512 [main] INFO  testCases.TC_003_SFAll_Independent - Phone Number Entered
16:55:05.615 [main] INFO  testCases.TC_003_SFAll_Independent - PhoneNumber Next Clicked
16:55:05.819 [main] INFO  testCases.TC_003_SFAll_Independent - Validation of Appointment Control Title
16:55:05.947 [main] INFO  testCases.TC_003_SFAll_Independent - Appointment Clicked
16:55:33.797 [main] INFO  testCases.TC_003_SFAll_Independent - Appointment Updated to Datasheet
16:55:33.797 [main] INFO  testCases.TC_003_SFAll_Independent - Appointment Time Captured in Expected Value
16:55:34.895 [main] INFO  testCases.TC_003_SFAll_Independent - Appointment Next Button clicked
16:55:35.062 [main] INFO  testCases.TC_003_SFAll_Independent - Validation of MultiChoice Control Title
16:55:36.380 [main] INFO  testCases.TC_003_SFAll_Independent - Expected Value:Agree
16:55:36.394 [main] INFO  testCases.TC_003_SFAll_Independent - DropDown Value:Agree
16:55:36.497 [main] INFO  testCases.TC_003_SFAll_Independent - Expected Value:DisAgree
16:55:36.509 [main] INFO  testCases.TC_003_SFAll_Independent - DropDown Value:DisAgree
16:55:36.551 [main] INFO  testCases.TC_003_SFAll_Independent - MultiChoice Value Selected
16:55:36.853 [main] INFO  testCases.TC_003_SFAll_Independent - Validation of List Control Control Title
16:55:41.296 [main] INFO  testCases.TC_003_SFAll_Independent - [Sample Option 1] is selected in List
16:55:41.296 [main] INFO  testCases.TC_003_SFAll_Independent - List Item Selected Sample Option 1
16:55:41.391 [main] INFO  testCases.TC_003_SFAll_Independent - List Next Clicked
16:55:41.596 [main] INFO  testCases.TC_003_SFAll_Independent - Validation of Number Control Control Title
16:55:41.962 [main] INFO  testCases.TC_003_SFAll_Independent - Number Selected 1234567890
16:55:42.051 [main] INFO  testCases.TC_003_SFAll_Independent - Number Next Clicked
16:55:42.254 [main] INFO  testCases.TC_003_SFAll_Independent - Validation of Range Control Control Title
16:55:44.965 [main] INFO  testCases.TC_003_SFAll_Independent - Range Selected 50
16:55:45.048 [main] INFO  testCases.TC_003_SFAll_Independent - Range Next Clicked
16:55:45.262 [main] INFO  testCases.TC_003_SFAll_Independent - Validation of Rating Control Control Title
16:55:45.376 [main] INFO  testCases.TC_003_SFAll_Independent - Rating Value: BadClicked
16:55:46.520 [main] INFO  testCases.TC_003_SFAll_Independent - Rating Next Clicked
16:55:46.748 [main] INFO  testCases.TC_003_SFAll_Independent - Validation of Opinion Scale Control Title
16:55:50.012 [main] INFO  testCases.TC_003_SFAll_Independent - [5] is selected in List
16:55:50.012 [main] INFO  testCases.TC_003_SFAll_Independent - Opinion Scale : 5Clicked
16:55:50.103 [main] INFO  testCases.TC_003_SFAll_Independent - Opinion Scale Next Clicked
16:55:50.314 [main] INFO  testCases.TC_003_SFAll_Independent - Validation of Date Control Title
16:55:52.776 [main] INFO  testCases.TC_003_SFAll_Independent - Date Value Updated to DataSheet
16:55:52.895 [main] INFO  testCases.TC_003_SFAll_Independent - Date Next Clicked
16:55:53.112 [main] INFO  testCases.TC_003_SFAll_Independent - Validation of File Upload Control Title
16:55:56.371 [main] INFO  testCases.TC_003_SFAll_Independent - FileUpload Next Clicked
16:55:57.422 [main] INFO  testCases.TC_003_SFAll_Independent - Validation of Link Control Title  Please contact us  
16:55:57.422 [main] INFO  testCases.TC_003_SFAll_Independent - Multiple Links Clicked
16:55:57.521 [main] INFO  testCases.TC_003_SFAll_Independent - Links Next Clicked
16:55:57.794 [main] INFO  testCases.TC_003_SFAll_Independent - Validation of ThankYou Control TitleNice chatting with you
16:55:57.900 [main] INFO  testCases.TC_003_SFAll_Independent - ThankYou Next Clicked
16:55:58.921 [main] INFO  testCases.TC_003_SFAll_Independent - Validation of Picture Message Control Title Type and select your answer..! 1
16:55:59.043 [main] INFO  testCases.TC_003_SFAll_Independent - Picture Message Seleted:PictureMessage
16:56:00.130 [main] INFO  testCases.TC_003_SFAll_Independent - Picture Message Next Clicked
16:56:01.158 [main] INFO  testCases.TC_003_SFAll_Independent - Validation of YesorNo Control Title Select Yes or No..? 
16:56:01.318 [main] INFO  testCases.TC_003_SFAll_Independent - YesorNo Next Clicked
16:56:02.381 [main] INFO  testCases.TC_003_SFAll_Independent - Validation of Agreement Control Title Type and select your answer..! 
16:56:02.416 [main] INFO  testCases.TC_003_SFAll_Independent - Validation of Agreement TextI agree to the terms and conditions
16:56:02.492 [main] INFO  testCases.TC_003_SFAll_Independent - Agreement Next Clicked
16:56:03.537 [main] INFO  testCases.TC_003_SFAll_Independent - Validation of Agreement Control Title Choice the value..! 
16:56:03.687 [main] INFO  testCases.TC_003_SFAll_Independent - Ranking Matrix Values Selected
16:56:03.765 [main] INFO  testCases.TC_003_SFAll_Independent - Ranking Matrix Next Clicked
17:18:41.678 [main] INFO  testCases.TC_003_SFAll_Independent - ******starting TC_003_SFAll_Independent ****
17:18:41.708 [main] INFO  testCases.TC_003_SFAll_Independent - Excel file Utility instance created
17:18:42.509 [main] INFO  testCases.TC_003_SFAll_Independent - Row Count is: 1
17:18:42.590 [main] INFO  testCases.TC_003_SFAll_Independent - Col Count is: 47
17:18:42.590 [main] INFO  testCases.TC_003_SFAll_Independent - Extracting DataSheet Values started...
17:18:44.210 [main] INFO  testCases.TC_003_SFAll_Independent - Extracting DataSheet Values Completed...
17:18:46.957 [main] INFO  testCases.TC_003_SFAll_Independent - Survey Form Url Launched..
17:18:47.103 [main] INFO  testCases.TC_003_SFAll_Independent - Validation of Message Control Title
17:18:47.511 [main] INFO  testCases.TC_003_SFAll_Independent - Select an option..!Actual Title 
17:18:47.511 [main] INFO  testCases.TC_003_SFAll_Independent - Validation of MultiChoice Control Title
17:18:50.803 [main] INFO  testCases.TC_003_SFAll_Independent - [Strongly Agree] is selected in List
17:18:50.803 [main] INFO  testCases.TC_003_SFAll_Independent - MultiChoice Item Selected
17:18:50.915 [main] INFO  testCases.TC_003_SFAll_Independent - MultiChoice Next Clicked
17:18:51.126 [main] INFO  testCases.TC_003_SFAll_Independent - Validation of TextQuestion Control Title
17:18:51.537 [main] INFO  testCases.TC_003_SFAll_Independent - Text Entered in TextAnswer Control
17:18:51.639 [main] INFO  testCases.TC_003_SFAll_Independent - Text Question Next Clicked
17:18:51.829 [main] INFO  testCases.TC_003_SFAll_Independent - Validation of Email Control Title
17:18:52.158 [main] INFO  testCases.TC_003_SFAll_Independent - Email Id Entered
17:18:52.245 [main] INFO  testCases.TC_003_SFAll_Independent - Email Next Clicked
17:18:52.482 [main] INFO  testCases.TC_003_SFAll_Independent - Validation of PhoneNumber Control Title
17:19:12.925 [main] INFO  testCases.TC_003_SFAll_Independent - Phone Number Entered
17:19:13.033 [main] INFO  testCases.TC_003_SFAll_Independent - PhoneNumber Next Clicked
17:19:13.315 [main] INFO  testCases.TC_003_SFAll_Independent - Validation of Appointment Control Title
17:19:13.418 [main] INFO  testCases.TC_003_SFAll_Independent - Appointment Clicked
17:19:41.333 [main] INFO  testCases.TC_003_SFAll_Independent - Appointment Updated to Datasheet
17:19:41.333 [main] INFO  testCases.TC_003_SFAll_Independent - Appointment Time Captured in Expected Value
17:19:42.496 [main] INFO  testCases.TC_003_SFAll_Independent - Appointment Next Button clicked
17:19:42.702 [main] INFO  testCases.TC_003_SFAll_Independent - Validation of MultiChoice Control Title
17:19:43.984 [main] INFO  testCases.TC_003_SFAll_Independent - Expected Value:Agree
17:19:43.997 [main] INFO  testCases.TC_003_SFAll_Independent - DropDown Value:Agree
17:19:44.103 [main] INFO  testCases.TC_003_SFAll_Independent - Expected Value:DisAgree
17:19:44.115 [main] INFO  testCases.TC_003_SFAll_Independent - DropDown Value:DisAgree
17:19:44.171 [main] INFO  testCases.TC_003_SFAll_Independent - MultiChoice Value Selected
17:19:44.504 [main] INFO  testCases.TC_003_SFAll_Independent - Validation of List Control Control Title
17:19:48.792 [main] INFO  testCases.TC_003_SFAll_Independent - [Sample Option 1] is selected in List
17:19:48.792 [main] INFO  testCases.TC_003_SFAll_Independent - List Item Selected Sample Option 1
17:19:48.876 [main] INFO  testCases.TC_003_SFAll_Independent - List Next Clicked
17:19:49.081 [main] INFO  testCases.TC_003_SFAll_Independent - Validation of Number Control Control Title
17:19:49.432 [main] INFO  testCases.TC_003_SFAll_Independent - Number Selected 1234567890
17:19:49.521 [main] INFO  testCases.TC_003_SFAll_Independent - Number Next Clicked
17:19:49.746 [main] INFO  testCases.TC_003_SFAll_Independent - Validation of Range Control Control Title
17:19:52.314 [main] INFO  testCases.TC_003_SFAll_Independent - Range Selected 50
17:19:52.390 [main] INFO  testCases.TC_003_SFAll_Independent - Range Next Clicked
17:19:52.594 [main] INFO  testCases.TC_003_SFAll_Independent - Validation of Rating Control Control Title
17:19:52.702 [main] INFO  testCases.TC_003_SFAll_Independent - Rating Value: BadClicked
17:19:53.837 [main] INFO  testCases.TC_003_SFAll_Independent - Rating Next Clicked
17:19:54.093 [main] INFO  testCases.TC_003_SFAll_Independent - Validation of Opinion Scale Control Title
17:19:57.349 [main] INFO  testCases.TC_003_SFAll_Independent - [5] is selected in List
17:19:57.349 [main] INFO  testCases.TC_003_SFAll_Independent - Opinion Scale : 5Clicked
17:19:57.436 [main] INFO  testCases.TC_003_SFAll_Independent - Opinion Scale Next Clicked
17:19:57.668 [main] INFO  testCases.TC_003_SFAll_Independent - Validation of Date Control Title
17:20:00.074 [main] INFO  testCases.TC_003_SFAll_Independent - Date Value Updated to DataSheet
17:20:00.201 [main] INFO  testCases.TC_003_SFAll_Independent - Date Next Clicked
17:20:00.407 [main] INFO  testCases.TC_003_SFAll_Independent - Validation of File Upload Control Title
17:20:03.626 [main] INFO  testCases.TC_003_SFAll_Independent - FileUpload Next Clicked
17:20:04.663 [main] INFO  testCases.TC_003_SFAll_Independent - Validation of Link Control Title  Please contact us  
17:20:04.664 [main] INFO  testCases.TC_003_SFAll_Independent - Multiple Links Clicked
17:20:04.757 [main] INFO  testCases.TC_003_SFAll_Independent - Links Next Clicked
17:20:04.961 [main] INFO  testCases.TC_003_SFAll_Independent - Validation of ThankYou Control TitleNice chatting with you
17:20:05.043 [main] INFO  testCases.TC_003_SFAll_Independent - ThankYou Next Clicked
17:20:06.103 [main] INFO  testCases.TC_003_SFAll_Independent - Validation of Picture Message Control Title Type and select your answer..! 1
17:20:06.259 [main] INFO  testCases.TC_003_SFAll_Independent - Picture Message Seleted:PictureMessage
17:20:07.515 [main] INFO  testCases.TC_003_SFAll_Independent - Picture Message Next Clicked
17:20:08.578 [main] INFO  testCases.TC_003_SFAll_Independent - Validation of YesorNo Control Title Select Yes or No..? 
17:20:08.759 [main] INFO  testCases.TC_003_SFAll_Independent - YesorNo Next Clicked
17:20:09.825 [main] INFO  testCases.TC_003_SFAll_Independent - Validation of Agreement Control Title Type and select your answer..! 
17:20:09.884 [main] INFO  testCases.TC_003_SFAll_Independent - Validation of Agreement TextI agree to the terms and conditions
17:20:09.982 [main] INFO  testCases.TC_003_SFAll_Independent - Agreement Next Clicked
17:20:11.022 [main] INFO  testCases.TC_003_SFAll_Independent - Validation of Agreement Control Title Choice the value..! 
17:20:11.174 [main] INFO  testCases.TC_003_SFAll_Independent - Ranking Matrix Values Selected
17:20:11.248 [main] INFO  testCases.TC_003_SFAll_Independent - Ranking Matrix Next Clicked
17:20:12.317 [main] INFO  testCases.TC_003_SFAll_Independent - Validation of Voice Record Control Title Tap the mic and record the voice 
17:20:22.658 [main] INFO  testCases.TC_003_SFAll_Independent - Voice Recorded
17:20:22.759 [main] INFO  testCases.TC_003_SFAll_Independent - Voice Record Next Clicked
17:20:23.783 [main] INFO  testCases.TC_003_SFAll_Independent - Validation of Google Map Control Title What is your address? 
17:20:24.151 [main] INFO  testCases.TC_003_SFAll_Independent - Address Entered in Google Map
17:20:24.223 [main] INFO  testCases.TC_003_SFAll_Independent - Google Map Next Clicked
17:35:42.122 [main] INFO  testCases.TC_003_SFAll_Independent - ******starting TC_003_SFAll_Independent ****
17:35:42.154 [main] INFO  testCases.TC_003_SFAll_Independent - Excel file Utility instance created
17:35:42.966 [main] INFO  testCases.TC_003_SFAll_Independent - Row Count is: 1
17:35:43.045 [main] INFO  testCases.TC_003_SFAll_Independent - Col Count is: 47
17:35:43.045 [main] INFO  testCases.TC_003_SFAll_Independent - Extracting DataSheet Values started...
17:35:44.651 [main] INFO  testCases.TC_003_SFAll_Independent - Extracting DataSheet Values Completed...
17:35:46.531 [main] INFO  testCases.TC_003_SFAll_Independent - Survey Form Url Launched..
17:35:46.673 [main] INFO  testCases.TC_003_SFAll_Independent - Validation of Message Control Title
17:35:47.093 [main] INFO  testCases.TC_003_SFAll_Independent - Select an option..!Actual Title 
17:35:47.093 [main] INFO  testCases.TC_003_SFAll_Independent - Validation of MultiChoice Control Title
17:35:50.324 [main] INFO  testCases.TC_003_SFAll_Independent - [Strongly Agree] is selected in List
17:35:50.324 [main] INFO  testCases.TC_003_SFAll_Independent - MultiChoice Item Selected
17:35:50.438 [main] INFO  testCases.TC_003_SFAll_Independent - MultiChoice Next Clicked
17:35:50.662 [main] INFO  testCases.TC_003_SFAll_Independent - Validation of TextQuestion Control Title
17:35:51.096 [main] INFO  testCases.TC_003_SFAll_Independent - Text Entered in TextAnswer Control
17:35:51.188 [main] INFO  testCases.TC_003_SFAll_Independent - Text Question Next Clicked
17:35:51.384 [main] INFO  testCases.TC_003_SFAll_Independent - Validation of Email Control Title
17:35:51.753 [main] INFO  testCases.TC_003_SFAll_Independent - Email Id Entered
17:35:51.837 [main] INFO  testCases.TC_003_SFAll_Independent - Email Next Clicked
17:35:52.099 [main] INFO  testCases.TC_003_SFAll_Independent - Validation of PhoneNumber Control Title
17:36:12.623 [main] INFO  testCases.TC_003_SFAll_Independent - Phone Number Entered
17:36:12.722 [main] INFO  testCases.TC_003_SFAll_Independent - PhoneNumber Next Clicked
17:36:12.968 [main] INFO  testCases.TC_003_SFAll_Independent - Validation of Appointment Control Title
17:36:13.081 [main] INFO  testCases.TC_003_SFAll_Independent - Appointment Clicked
17:36:53.338 [main] INFO  testCases.TC_003_SFAll_Independent - Appointment Updated to Datasheet
17:36:53.338 [main] INFO  testCases.TC_003_SFAll_Independent - Appointment Time Captured in Expected Value
17:36:54.506 [main] INFO  testCases.TC_003_SFAll_Independent - Appointment Next Button clicked
17:36:54.733 [main] INFO  testCases.TC_003_SFAll_Independent - Validation of MultiChoice Control Title
17:36:56.076 [main] INFO  testCases.TC_003_SFAll_Independent - Expected Value:Agree
17:36:56.097 [main] INFO  testCases.TC_003_SFAll_Independent - DropDown Value:Agree
17:36:56.238 [main] INFO  testCases.TC_003_SFAll_Independent - Expected Value:DisAgree
17:36:56.249 [main] INFO  testCases.TC_003_SFAll_Independent - DropDown Value:DisAgree
17:36:56.291 [main] INFO  testCases.TC_003_SFAll_Independent - MultiChoice Value Selected
17:36:56.631 [main] INFO  testCases.TC_003_SFAll_Independent - Validation of List Control Control Title
17:37:01.053 [main] INFO  testCases.TC_003_SFAll_Independent - [Sample Option 1] is selected in List
17:37:01.055 [main] INFO  testCases.TC_003_SFAll_Independent - List Item Selected Sample Option 1
17:37:01.157 [main] INFO  testCases.TC_003_SFAll_Independent - List Next Clicked
17:37:01.360 [main] INFO  testCases.TC_003_SFAll_Independent - Validation of Number Control Control Title
17:37:01.770 [main] INFO  testCases.TC_003_SFAll_Independent - Number Selected 1234567890
17:37:01.852 [main] INFO  testCases.TC_003_SFAll_Independent - Number Next Clicked
17:37:02.053 [main] INFO  testCases.TC_003_SFAll_Independent - Validation of Range Control Control Title
17:37:04.793 [main] INFO  testCases.TC_003_SFAll_Independent - Range Selected 50
17:37:04.879 [main] INFO  testCases.TC_003_SFAll_Independent - Range Next Clicked
17:37:05.085 [main] INFO  testCases.TC_003_SFAll_Independent - Validation of Rating Control Control Title
17:37:05.189 [main] INFO  testCases.TC_003_SFAll_Independent - Rating Value: BadClicked
17:37:06.356 [main] INFO  testCases.TC_003_SFAll_Independent - Rating Next Clicked
17:37:06.583 [main] INFO  testCases.TC_003_SFAll_Independent - Validation of Opinion Scale Control Title
17:37:09.854 [main] INFO  testCases.TC_003_SFAll_Independent - [5] is selected in List
17:37:09.855 [main] INFO  testCases.TC_003_SFAll_Independent - Opinion Scale : 5Clicked
17:37:09.943 [main] INFO  testCases.TC_003_SFAll_Independent - Opinion Scale Next Clicked
17:37:10.157 [main] INFO  testCases.TC_003_SFAll_Independent - Validation of Date Control Title
17:37:12.567 [main] INFO  testCases.TC_003_SFAll_Independent - Date Value Updated to DataSheet
17:37:12.681 [main] INFO  testCases.TC_003_SFAll_Independent - Date Next Clicked
17:37:12.889 [main] INFO  testCases.TC_003_SFAll_Independent - Validation of File Upload Control Title
17:37:16.212 [main] INFO  testCases.TC_003_SFAll_Independent - FileUpload Next Clicked
17:37:17.270 [main] INFO  testCases.TC_003_SFAll_Independent - Validation of Link Control Title  Please contact us  
17:37:17.271 [main] INFO  testCases.TC_003_SFAll_Independent - Multiple Links Clicked
17:37:17.376 [main] INFO  testCases.TC_003_SFAll_Independent - Links Next Clicked
17:37:17.583 [main] INFO  testCases.TC_003_SFAll_Independent - Validation of ThankYou Control TitleNice chatting with you
17:37:17.683 [main] INFO  testCases.TC_003_SFAll_Independent - ThankYou Next Clicked
17:37:18.718 [main] INFO  testCases.TC_003_SFAll_Independent - Validation of Picture Message Control Title Type and select your answer..! 1
17:37:18.939 [main] INFO  testCases.TC_003_SFAll_Independent - Picture Message Seleted:PictureMessage
17:37:20.059 [main] INFO  testCases.TC_003_SFAll_Independent - Picture Message Next Clicked
17:37:21.129 [main] INFO  testCases.TC_003_SFAll_Independent - Validation of YesorNo Control Title Select Yes or No..? 
17:37:21.323 [main] INFO  testCases.TC_003_SFAll_Independent - YesorNo Next Clicked
17:37:22.379 [main] INFO  testCases.TC_003_SFAll_Independent - Validation of Agreement Control Title Type and select your answer..! 
17:37:22.438 [main] INFO  testCases.TC_003_SFAll_Independent - Validation of Agreement TextI agree to the terms and conditions
17:37:22.523 [main] INFO  testCases.TC_003_SFAll_Independent - Agreement Next Clicked
17:37:23.578 [main] INFO  testCases.TC_003_SFAll_Independent - Validation of Agreement Control Title Choice the value..! 
17:37:23.748 [main] INFO  testCases.TC_003_SFAll_Independent - Ranking Matrix Values Selected
17:37:23.832 [main] INFO  testCases.TC_003_SFAll_Independent - Ranking Matrix Next Clicked
17:37:24.893 [main] INFO  testCases.TC_003_SFAll_Independent - Validation of Voice Record Control Title Tap the mic and record the voice 
17:40:32.743 [main] INFO  testCases.TC_003_SFAll_Independent - ******starting TC_003_SFAll_Independent ****
17:40:32.783 [main] INFO  testCases.TC_003_SFAll_Independent - Excel file Utility instance created
17:40:33.728 [main] INFO  testCases.TC_003_SFAll_Independent - Row Count is: 1
17:40:33.846 [main] INFO  testCases.TC_003_SFAll_Independent - Col Count is: 47
17:40:33.846 [main] INFO  testCases.TC_003_SFAll_Independent - Extracting DataSheet Values started...
17:40:35.607 [main] INFO  testCases.TC_003_SFAll_Independent - Extracting DataSheet Values Completed...
17:40:37.573 [main] INFO  testCases.TC_003_SFAll_Independent - Survey Form Url Launched..
17:40:37.738 [main] INFO  testCases.TC_003_SFAll_Independent - Validation of Message Control Title
17:40:38.151 [main] INFO  testCases.TC_003_SFAll_Independent - Select an option..!Actual Title 
17:40:38.151 [main] INFO  testCases.TC_003_SFAll_Independent - Validation of MultiChoice Control Title
17:40:41.426 [main] INFO  testCases.TC_003_SFAll_Independent - [Strongly Agree] is selected in List
17:40:41.426 [main] INFO  testCases.TC_003_SFAll_Independent - MultiChoice Item Selected
17:40:41.540 [main] INFO  testCases.TC_003_SFAll_Independent - MultiChoice Next Clicked
17:40:41.798 [main] INFO  testCases.TC_003_SFAll_Independent - Validation of TextQuestion Control Title
17:40:42.299 [main] INFO  testCases.TC_003_SFAll_Independent - Text Entered in TextAnswer Control
17:40:42.397 [main] INFO  testCases.TC_003_SFAll_Independent - Text Question Next Clicked
17:40:42.607 [main] INFO  testCases.TC_003_SFAll_Independent - Validation of Email Control Title
17:40:42.957 [main] INFO  testCases.TC_003_SFAll_Independent - Email Id Entered
17:40:43.050 [main] INFO  testCases.TC_003_SFAll_Independent - Email Next Clicked
17:40:43.301 [main] INFO  testCases.TC_003_SFAll_Independent - Validation of PhoneNumber Control Title
17:41:03.754 [main] INFO  testCases.TC_003_SFAll_Independent - Phone Number Entered
17:41:03.861 [main] INFO  testCases.TC_003_SFAll_Independent - PhoneNumber Next Clicked
17:41:04.114 [main] INFO  testCases.TC_003_SFAll_Independent - Validation of Appointment Control Title
17:41:04.228 [main] INFO  testCases.TC_003_SFAll_Independent - Appointment Clicked
17:41:44.718 [main] INFO  testCases.TC_003_SFAll_Independent - Appointment Updated to Datasheet
17:41:44.718 [main] INFO  testCases.TC_003_SFAll_Independent - Appointment Time Captured in Expected Value
17:41:45.864 [main] INFO  testCases.TC_003_SFAll_Independent - Appointment Next Button clicked
17:41:46.103 [main] INFO  testCases.TC_003_SFAll_Independent - Validation of MultiChoice Control Title
17:41:47.460 [main] INFO  testCases.TC_003_SFAll_Independent - Expected Value:Agree
17:41:47.474 [main] INFO  testCases.TC_003_SFAll_Independent - DropDown Value:Agree
17:41:47.578 [main] INFO  testCases.TC_003_SFAll_Independent - Expected Value:DisAgree
17:41:47.590 [main] INFO  testCases.TC_003_SFAll_Independent - DropDown Value:DisAgree
17:41:47.631 [main] INFO  testCases.TC_003_SFAll_Independent - MultiChoice Value Selected
17:41:47.906 [main] INFO  testCases.TC_003_SFAll_Independent - Validation of List Control Control Title
17:41:52.265 [main] INFO  testCases.TC_003_SFAll_Independent - [Sample Option 1] is selected in List
17:41:52.265 [main] INFO  testCases.TC_003_SFAll_Independent - List Item Selected Sample Option 1
17:41:52.361 [main] INFO  testCases.TC_003_SFAll_Independent - List Next Clicked
17:41:52.589 [main] INFO  testCases.TC_003_SFAll_Independent - Validation of Number Control Control Title
17:41:52.947 [main] INFO  testCases.TC_003_SFAll_Independent - Number Selected 1234567890
17:41:53.046 [main] INFO  testCases.TC_003_SFAll_Independent - Number Next Clicked
17:41:53.311 [main] INFO  testCases.TC_003_SFAll_Independent - Validation of Range Control Control Title
17:41:55.922 [main] INFO  testCases.TC_003_SFAll_Independent - Range Selected 50
17:41:55.998 [main] INFO  testCases.TC_003_SFAll_Independent - Range Next Clicked
17:41:56.203 [main] INFO  testCases.TC_003_SFAll_Independent - Validation of Rating Control Control Title
17:41:56.316 [main] INFO  testCases.TC_003_SFAll_Independent - Rating Value: BadClicked
17:41:57.477 [main] INFO  testCases.TC_003_SFAll_Independent - Rating Next Clicked
17:41:57.702 [main] INFO  testCases.TC_003_SFAll_Independent - Validation of Opinion Scale Control Title
17:42:00.975 [main] INFO  testCases.TC_003_SFAll_Independent - [5] is selected in List
17:42:00.975 [main] INFO  testCases.TC_003_SFAll_Independent - Opinion Scale : 5Clicked
17:42:01.067 [main] INFO  testCases.TC_003_SFAll_Independent - Opinion Scale Next Clicked
17:42:01.297 [main] INFO  testCases.TC_003_SFAll_Independent - Validation of Date Control Title
17:42:03.917 [main] INFO  testCases.TC_003_SFAll_Independent - Date Value Updated to DataSheet
17:42:04.038 [main] INFO  testCases.TC_003_SFAll_Independent - Date Next Clicked
17:42:04.271 [main] INFO  testCases.TC_003_SFAll_Independent - Validation of File Upload Control Title
17:42:07.502 [main] INFO  testCases.TC_003_SFAll_Independent - FileUpload Next Clicked
17:42:08.562 [main] INFO  testCases.TC_003_SFAll_Independent - Validation of Link Control Title  Please contact us  
17:42:08.563 [main] INFO  testCases.TC_003_SFAll_Independent - Multiple Links Clicked
17:42:08.675 [main] INFO  testCases.TC_003_SFAll_Independent - Links Next Clicked
17:42:08.864 [main] INFO  testCases.TC_003_SFAll_Independent - Validation of ThankYou Control TitleNice chatting with you
17:42:08.962 [main] INFO  testCases.TC_003_SFAll_Independent - ThankYou Next Clicked
17:42:09.991 [main] INFO  testCases.TC_003_SFAll_Independent - Validation of Picture Message Control Title Type and select your answer..! 1
17:42:10.108 [main] INFO  testCases.TC_003_SFAll_Independent - Picture Message Seleted:PictureMessage
17:42:11.223 [main] INFO  testCases.TC_003_SFAll_Independent - Picture Message Next Clicked
17:42:12.283 [main] INFO  testCases.TC_003_SFAll_Independent - Validation of YesorNo Control Title Select Yes or No..? 
17:42:12.449 [main] INFO  testCases.TC_003_SFAll_Independent - YesorNo Next Clicked
17:42:13.492 [main] INFO  testCases.TC_003_SFAll_Independent - Validation of Agreement Control Title Type and select your answer..! 
17:42:13.531 [main] INFO  testCases.TC_003_SFAll_Independent - Validation of Agreement TextI agree to the terms and conditions
17:42:13.634 [main] INFO  testCases.TC_003_SFAll_Independent - Agreement Next Clicked
17:42:14.715 [main] INFO  testCases.TC_003_SFAll_Independent - Validation of Agreement Control Title Choice the value..! 
17:42:14.875 [main] INFO  testCases.TC_003_SFAll_Independent - Ranking Matrix Values Selected
17:42:14.966 [main] INFO  testCases.TC_003_SFAll_Independent - Ranking Matrix Next Clicked
17:42:16.027 [main] INFO  testCases.TC_003_SFAll_Independent - Validation of Voice Record Control Title Tap the mic and record the voice 
17:45:40.805 [main] INFO  testCases.TC_003_SFAll_Independent - ******starting TC_003_SFAll_Independent ****
17:45:40.877 [main] INFO  testCases.TC_003_SFAll_Independent - Excel file Utility instance created
17:45:42.247 [main] INFO  testCases.TC_003_SFAll_Independent - Row Count is: 1
17:45:42.496 [main] INFO  testCases.TC_003_SFAll_Independent - Col Count is: 47
17:45:42.497 [main] INFO  testCases.TC_003_SFAll_Independent - Extracting DataSheet Values started...
17:45:46.062 [main] INFO  testCases.TC_003_SFAll_Independent - Extracting DataSheet Values Completed...
17:45:48.436 [main] INFO  testCases.TC_003_SFAll_Independent - Survey Form Url Launched..
17:45:48.638 [main] INFO  testCases.TC_003_SFAll_Independent - Validation of Message Control Title
17:45:49.128 [main] INFO  testCases.TC_003_SFAll_Independent - Select an option..!Actual Title 
17:45:49.128 [main] INFO  testCases.TC_003_SFAll_Independent - Validation of MultiChoice Control Title
17:45:52.371 [main] INFO  testCases.TC_003_SFAll_Independent - [Strongly Agree] is selected in List
17:45:52.371 [main] INFO  testCases.TC_003_SFAll_Independent - MultiChoice Item Selected
17:45:52.493 [main] INFO  testCases.TC_003_SFAll_Independent - MultiChoice Next Clicked
17:45:52.725 [main] INFO  testCases.TC_003_SFAll_Independent - Validation of TextQuestion Control Title
17:45:53.249 [main] INFO  testCases.TC_003_SFAll_Independent - Text Entered in TextAnswer Control
17:45:53.355 [main] INFO  testCases.TC_003_SFAll_Independent - Text Question Next Clicked
17:45:53.560 [main] INFO  testCases.TC_003_SFAll_Independent - Validation of Email Control Title
17:45:53.945 [main] INFO  testCases.TC_003_SFAll_Independent - Email Id Entered
17:45:54.081 [main] INFO  testCases.TC_003_SFAll_Independent - Email Next Clicked
17:45:54.288 [main] INFO  testCases.TC_003_SFAll_Independent - Validation of PhoneNumber Control Title
17:46:14.801 [main] INFO  testCases.TC_003_SFAll_Independent - Phone Number Entered
17:46:14.904 [main] INFO  testCases.TC_003_SFAll_Independent - PhoneNumber Next Clicked
17:46:15.150 [main] INFO  testCases.TC_003_SFAll_Independent - Validation of Appointment Control Title
17:46:15.278 [main] INFO  testCases.TC_003_SFAll_Independent - Appointment Clicked
17:46:55.729 [main] INFO  testCases.TC_003_SFAll_Independent - Appointment Updated to Datasheet
17:46:55.729 [main] INFO  testCases.TC_003_SFAll_Independent - Appointment Time Captured in Expected Value
17:46:56.883 [main] INFO  testCases.TC_003_SFAll_Independent - Appointment Next Button clicked
17:46:57.075 [main] INFO  testCases.TC_003_SFAll_Independent - Validation of MultiChoice Control Title
17:46:58.396 [main] INFO  testCases.TC_003_SFAll_Independent - Expected Value:Agree
17:46:58.407 [main] INFO  testCases.TC_003_SFAll_Independent - DropDown Value:Agree
17:46:58.541 [main] INFO  testCases.TC_003_SFAll_Independent - Expected Value:DisAgree
17:46:58.556 [main] INFO  testCases.TC_003_SFAll_Independent - DropDown Value:DisAgree
17:46:58.596 [main] INFO  testCases.TC_003_SFAll_Independent - MultiChoice Value Selected
17:46:58.916 [main] INFO  testCases.TC_003_SFAll_Independent - Validation of List Control Control Title
17:47:03.240 [main] INFO  testCases.TC_003_SFAll_Independent - [Sample Option 1] is selected in List
17:47:03.240 [main] INFO  testCases.TC_003_SFAll_Independent - List Item Selected Sample Option 1
17:47:03.338 [main] INFO  testCases.TC_003_SFAll_Independent - List Next Clicked
17:47:03.621 [main] INFO  testCases.TC_003_SFAll_Independent - Validation of Number Control Control Title
17:47:03.990 [main] INFO  testCases.TC_003_SFAll_Independent - Number Selected 1234567890
17:47:04.078 [main] INFO  testCases.TC_003_SFAll_Independent - Number Next Clicked
17:47:04.293 [main] INFO  testCases.TC_003_SFAll_Independent - Validation of Range Control Control Title
17:47:06.955 [main] INFO  testCases.TC_003_SFAll_Independent - Range Selected 50
17:47:07.054 [main] INFO  testCases.TC_003_SFAll_Independent - Range Next Clicked
17:47:07.275 [main] INFO  testCases.TC_003_SFAll_Independent - Validation of Rating Control Control Title
17:47:07.398 [main] INFO  testCases.TC_003_SFAll_Independent - Rating Value: BadClicked
17:47:08.490 [main] INFO  testCases.TC_003_SFAll_Independent - Rating Next Clicked
17:47:08.694 [main] INFO  testCases.TC_003_SFAll_Independent - Validation of Opinion Scale Control Title
17:47:11.930 [main] INFO  testCases.TC_003_SFAll_Independent - [5] is selected in List
17:47:11.932 [main] INFO  testCases.TC_003_SFAll_Independent - Opinion Scale : 5Clicked
17:47:12.029 [main] INFO  testCases.TC_003_SFAll_Independent - Opinion Scale Next Clicked
17:47:12.238 [main] INFO  testCases.TC_003_SFAll_Independent - Validation of Date Control Title
17:47:14.809 [main] INFO  testCases.TC_003_SFAll_Independent - Date Value Updated to DataSheet
17:47:14.925 [main] INFO  testCases.TC_003_SFAll_Independent - Date Next Clicked
17:47:15.169 [main] INFO  testCases.TC_003_SFAll_Independent - Validation of File Upload Control Title
17:47:18.410 [main] INFO  testCases.TC_003_SFAll_Independent - FileUpload Next Clicked
17:47:19.474 [main] INFO  testCases.TC_003_SFAll_Independent - Validation of Link Control Title  Please contact us  
17:47:19.474 [main] INFO  testCases.TC_003_SFAll_Independent - Multiple Links Clicked
17:47:19.567 [main] INFO  testCases.TC_003_SFAll_Independent - Links Next Clicked
17:47:19.744 [main] INFO  testCases.TC_003_SFAll_Independent - Validation of ThankYou Control TitleNice chatting with you
17:47:19.844 [main] INFO  testCases.TC_003_SFAll_Independent - ThankYou Next Clicked
17:47:20.895 [main] INFO  testCases.TC_003_SFAll_Independent - Validation of Picture Message Control Title Type and select your answer..! 1
17:47:21.019 [main] INFO  testCases.TC_003_SFAll_Independent - Picture Message Seleted:PictureMessage
17:47:22.138 [main] INFO  testCases.TC_003_SFAll_Independent - Picture Message Next Clicked
17:47:23.184 [main] INFO  testCases.TC_003_SFAll_Independent - Validation of YesorNo Control Title Select Yes or No..? 
17:47:23.371 [main] INFO  testCases.TC_003_SFAll_Independent - YesorNo Next Clicked
17:47:24.428 [main] INFO  testCases.TC_003_SFAll_Independent - Validation of Agreement Control Title Type and select your answer..! 
17:47:24.459 [main] INFO  testCases.TC_003_SFAll_Independent - Validation of Agreement TextI agree to the terms and conditions
17:47:24.541 [main] INFO  testCases.TC_003_SFAll_Independent - Agreement Next Clicked
17:47:25.602 [main] INFO  testCases.TC_003_SFAll_Independent - Validation of Agreement Control Title Choice the value..! 
17:47:25.787 [main] INFO  testCases.TC_003_SFAll_Independent - Ranking Matrix Values Selected
17:47:25.872 [main] INFO  testCases.TC_003_SFAll_Independent - Ranking Matrix Next Clicked
17:47:26.926 [main] INFO  testCases.TC_003_SFAll_Independent - Validation of Voice Record Control Title Tap the mic and record the voice 
17:49:09.517 [main] INFO  testCases.TC_003_SFAll_Independent - ******starting TC_003_SFAll_Independent ****
